Log file open, 10/20/22 16:29:34
LogWindows: Failed to load 'aqProf.dll' (GetLastError=126)
LogWindows: File 'aqProf.dll' does not exist
LogWindows: Failed to load 'VtuneApi.dll' (GetLastError=126)
LogWindows: File 'VtuneApi.dll' does not exist
LogWindows: Failed to load 'VtuneApi32e.dll' (GetLastError=126)
LogWindows: File 'VtuneApi32e.dll' does not exist
LogConsoleResponse: Display: Failed to find resolution value strings in scalability ini. Falling back to default.
LogConsoleResponse: Display: Failed to find resolution value strings in scalability ini. Falling back to default.
LogInit: Display: Running engine for game: ScriptingMidterm22
LogPlatformFile: Not using cached read wrapper
LogTaskGraph: Started task graph with 5 named threads and 35 total threads with 3 sets of task threads.
LogStats: Stats thread started at 0.404601
LogICUInternationalization: ICU TimeZone Detection - Raw Offset: -5:00, Platform Override: ''
LogInit: Display: Loading text-based GConfig....
LogPluginManager: Mounting plugin MeshPainting
LogPluginManager: Mounting plugin XGEController
LogPluginManager: Mounting plugin AISupport
LogPluginManager: Mounting plugin Paper2D
LogPluginManager: Mounting plugin EnvironmentQueryEditor
LogPluginManager: Mounting plugin LiveLink
LogPluginManager: Mounting plugin LightPropagationVolume
LogPluginManager: Mounting plugin CameraShakePreviewer
LogPluginManager: Mounting plugin GameplayCameras
LogPluginManager: Mounting plugin OodleNetwork
LogPluginManager: Mounting plugin OodleData
LogPluginManager: Mounting plugin CurveEditorTools
LogPluginManager: Mounting plugin DatasmithContent
LogPluginManager: Mounting plugin AssetManagerEditor
LogPluginManager: Mounting plugin VariantManagerContent
LogPluginManager: Mounting plugin DataValidation
LogPluginManager: Mounting plugin FacialAnimation
LogPluginManager: Mounting plugin GameplayTagsEditor
LogPluginManager: Mounting plugin GeometryMode
LogPluginManager: Mounting plugin MaterialAnalyzer
LogPluginManager: Mounting plugin CryptoKeys
LogPluginManager: Mounting plugin MobileLauncherProfileWizard
LogPluginManager: Mounting plugin CLionSourceCodeAccess
LogPluginManager: Mounting plugin CodeLiteSourceCodeAccess
LogPluginManager: Mounting plugin PluginBrowser
LogPluginManager: Mounting plugin SpeedTreeImporter
LogPluginManager: Mounting plugin GitSourceControl
LogPluginManager: Mounting plugin KDevelopSourceCodeAccess
LogPluginManager: Mounting plugin NullSourceCodeAccess
LogPluginManager: Mounting plugin PixWinPlugin
LogPluginManager: Mounting plugin PerforceSourceControl
LogPluginManager: Mounting plugin PlasticSourceControl
LogPluginManager: Mounting plugin PluginUtils
LogPluginManager: Mounting plugin PropertyAccessNode
LogPluginManager: Mounting plugin RiderSourceCodeAccess
LogPluginManager: Mounting plugin SubversionSourceControl
LogPluginManager: Mounting plugin TextureFormatOodle
LogPluginManager: Mounting plugin UObjectPlugin
LogPluginManager: Mounting plugin VisualStudioCodeSourceCodeAccess
LogPluginManager: Mounting plugin VisualStudioSourceCodeAccess
LogPluginManager: Mounting plugin XCodeSourceCodeAccess
LogPluginManager: Mounting plugin AlembicImporter
LogPluginManager: Mounting plugin AutomationUtils
LogPluginManager: Mounting plugin BackChannel
LogPluginManager: Mounting plugin ChaosCloth
LogPluginManager: Mounting plugin ChaosNiagara
LogPluginManager: Mounting plugin ChaosClothEditor
LogPluginManager: Mounting plugin ChaosEditor
LogPluginManager: Mounting plugin CharacterAI
LogPluginManager: Mounting plugin ChaosSolverPlugin
LogPluginManager: Mounting plugin MacGraphicsSwitching
LogPluginManager: Mounting plugin AnimationSharing
LogPluginManager: Mounting plugin Niagara
LogPluginManager: Mounting plugin GeometryCache
LogPluginManager: Mounting plugin GeometryCollectionPlugin
LogPluginManager: Mounting plugin GeometryProcessing
LogPluginManager: Mounting plugin MotoSynth
LogPluginManager: Mounting plugin OpenImageDenoise
LogPluginManager: Mounting plugin PlanarCut
LogPluginManager: Mounting plugin ProxyLODPlugin
LogPluginManager: Mounting plugin PlatformCrypto
LogPluginManager: Mounting plugin PythonScriptPlugin
LogPluginManager: Mounting plugin SkeletalReduction
LogPluginManager: Mounting plugin MagicLeap
LogPluginManager: Mounting plugin MagicLeapLightEstimation
LogPluginManager: Mounting plugin MagicLeapMedia
LogPluginManager: Mounting plugin MagicLeapPassableWorld
LogPluginManager: Mounting plugin MLSDK
LogPluginManager: Mounting plugin AndroidMedia
LogPluginManager: Mounting plugin AvfMedia
LogPluginManager: Mounting plugin MediaCompositing
LogPluginManager: Mounting plugin ImgMedia
LogPluginManager: Mounting plugin MediaPlayerEditor
LogPluginManager: Mounting plugin LuminPlatformFeatures
LogPluginManager: Mounting plugin WebMMedia
LogPluginManager: Mounting plugin WmfMedia
LogPluginManager: Mounting plugin UdpMessaging
LogPluginManager: Mounting plugin ActorSequence
LogPluginManager: Mounting plugin LevelSequenceEditor
LogPluginManager: Mounting plugin MatineeToLevelSequence
LogPluginManager: Mounting plugin TemplateSequence
LogPluginManager: Mounting plugin OnlineSubsystem
LogPluginManager: Mounting plugin OnlineSubsystemNull
LogPluginManager: Mounting plugin TcpMessaging
LogPluginManager: Mounting plugin OnlineSubsystemUtils
LogPluginManager: Mounting plugin LauncherChunkInstaller
LogPluginManager: Mounting plugin ActorLayerUtilities
LogPluginManager: Mounting plugin AndroidDeviceProfileSelector
LogPluginManager: Mounting plugin AndroidMoviePlayer
LogPluginManager: Mounting plugin AndroidPermission
LogPluginManager: Mounting plugin AppleImageUtils
LogPluginManager: Mounting plugin AppleMoviePlayer
LogPluginManager: Mounting plugin ArchVisCharacter
LogPluginManager: Mounting plugin AssetTags
LogPluginManager: Mounting plugin AudioCapture
LogPluginManager: Mounting plugin AudioSynesthesia
LogPluginManager: Mounting plugin CableComponent
LogPluginManager: Mounting plugin CustomMeshComponent
LogPluginManager: Mounting plugin ChunkDownloader
LogPluginManager: Mounting plugin EditableMesh
LogPluginManager: Mounting plugin ExampleDeviceProfileSelector
LogPluginManager: Mounting plugin GoogleCloudMessaging
LogPluginManager: Mounting plugin GooglePAD
LogPluginManager: Mounting plugin IOSDeviceProfileSelector
LogPluginManager: Mounting plugin LinuxDeviceProfileSelector
LogPluginManager: Mounting plugin LocationServicesBPLibrary
LogPluginManager: Mounting plugin MobilePatchingUtils
LogPluginManager: Mounting plugin OpenXR
LogPluginManager: Mounting plugin ScreenshotTools
LogPluginManager: Mounting plugin OpenXREyeTracker
LogPluginManager: Mounting plugin OpenXRHandTracking
LogPluginManager: Mounting plugin PhysXVehicles
LogPluginManager: Mounting plugin PostSplashScreen
LogPluginManager: Mounting plugin PropertyAccessEditor
LogPluginManager: Mounting plugin SignificanceManager
LogPluginManager: Mounting plugin RuntimePhysXCooking
LogPluginManager: Mounting plugin ProceduralMeshComponent
LogPluginManager: Mounting plugin SoundFields
LogPluginManager: Mounting plugin Synthesis
LogPluginManager: Mounting plugin WebMMoviePlayer
LogPluginManager: Mounting plugin WindowsMoviePlayer
LogPluginManager: Mounting plugin Takes
LogPluginManager: Mounting plugin ContentBrowserAssetDataSource
LogPluginManager: Mounting plugin ContentBrowserClassDataSource
LogPluginManager: Mounting plugin ContentBrowserFileDataSource
LogPluginManager: Mounting plugin OnlineSubsystemGooglePlay
LogPluginManager: Mounting plugin OnlineSubsystemIOS
LogPluginManager: Mounting plugin OculusVR
LogPluginManager: Mounting plugin SteamVR
PixWinPlugin: PIX capture plugin failed to initialize! Check that the process is launched from PIX.
LogInit: Using libcurl 7.55.1-DEV
LogInit:  - built for x86_64-pc-win32
LogInit:  - supports SSL with OpenSSL/1.1.1
LogInit:  - supports HTTP deflate (compression) using libz 1.2.8
LogInit:  - other features:
LogInit:      CURL_VERSION_SSL
LogInit:      CURL_VERSION_LIBZ
LogInit:      CURL_VERSION_IPV6
LogInit:      CURL_VERSION_ASYNCHDNS
LogInit:      CURL_VERSION_LARGEFILE
LogInit:      CURL_VERSION_IDN
LogInit:  CurlRequestOptions (configurable via config and command line):
LogInit:  - bVerifyPeer = true  - Libcurl will verify peer certificate
LogInit:  - bUseHttpProxy = false  - Libcurl will NOT use HTTP proxy
LogInit:  - bDontReuseConnections = false  - Libcurl will reuse connections
LogInit:  - MaxHostConnections = 16  - Libcurl will limit the number of connections to a host
LogInit:  - LocalHostAddr = Default
LogInit:  - BufferSize = 65536
LogOnline: OSS: Creating online subsystem instance for: NULL
LogInit: WinSock: version 1.1 (2.2), MaxSocks=32767, MaxUdp=65467
LogOnline: OSS: TryLoadSubsystemAndSetDefault: Loaded subsystem for module [NULL]
LogOculusPluginWrapper: OculusPlugin initialized successfully
LogHMD: Failed initializing OVRPlugin 1.59.0
LogInit: Build: ++UE4+Release-4.27-CL-18319896
LogInit: Engine Version: 4.27.2-18319896+++UE4+Release-4.27
LogInit: Compatible Engine Version: 4.27.0-17155196+++UE4+Release-4.27
LogInit: Net CL: 17155196
LogInit: OS: Windows 10 (Release 2009) (), CPU: AMD Ryzen 5 5500U with Radeon Graphics         , GPU: AMD Radeon(TM) Graphics
LogInit: Compiled (64-bit): Nov 30 2021 07:12:08
LogInit: Compiled with Visual C++: 19.24.28315.00
LogInit: Build Configuration: Development
LogInit: Branch Name: ++UE4+Release-4.27
LogInit: Command Line:  -EpicPortal -epicusername=MGG_96 -epicuserid=72441017125e405b8d32061fef78f404 -epiclocale=en -epicsandboxid=ue
LogInit: Base Directory: C:/Program Files/Epic Games/UE_4.27/Engine/Binaries/Win64/
LogInit: Allocator: TBB
LogInit: Installed Engine Build: 1
LogDevObjectVersion: Number of dev versions registered: 29
LogDevObjectVersion:   Dev-Blueprints (B0D832E4-1F89-4F0D-ACCF-7EB736FD4AA2): 10
LogDevObjectVersion:   Dev-Build (E1C64328-A22C-4D53-A36C-8E866417BD8C): 0
LogDevObjectVersion:   Dev-Core (375EC13C-06E4-48FB-B500-84F0262A717E): 4
LogDevObjectVersion:   Dev-Editor (E4B068ED-F494-42E9-A231-DA0B2E46BB41): 40
LogDevObjectVersion:   Dev-Framework (CFFC743F-43B0-4480-9391-14DF171D2073): 37
LogDevObjectVersion:   Dev-Mobile (B02B49B5-BB20-44E9-A304-32B752E40360): 3
LogDevObjectVersion:   Dev-Networking (A4E4105C-59A1-49B5-A7C5-40C4547EDFEE): 0
LogDevObjectVersion:   Dev-Online (39C831C9-5AE6-47DC-9A44-9C173E1C8E7C): 0
LogDevObjectVersion:   Dev-Physics (78F01B33-EBEA-4F98-B9B4-84EACCB95AA2): 14
LogDevObjectVersion:   Dev-Platform (6631380F-2D4D-43E0-8009-CF276956A95A): 0
LogDevObjectVersion:   Dev-Rendering (12F88B9F-8875-4AFC-A67C-D90C383ABD29): 45
LogDevObjectVersion:   Dev-Sequencer (7B5AE74C-D270-4C10-A958-57980B212A5A): 13
LogDevObjectVersion:   Dev-VR (D7296918-1DD6-4BDD-9DE2-64A83CC13884): 3
LogDevObjectVersion:   Dev-LoadTimes (C2A15278-BFE7-4AFE-6C17-90FF531DF755): 1
LogDevObjectVersion:   Private-Geometry (6EACA3D4-40EC-4CC1-B786-8BED09428FC5): 3
LogDevObjectVersion:   Dev-AnimPhys (29E575DD-E0A3-4627-9D10-D276232CDCEA): 17
LogDevObjectVersion:   Dev-Anim (AF43A65D-7FD3-4947-9873-3E8ED9C1BB05): 15
LogDevObjectVersion:   Dev-ReflectionCapture (6B266CEC-1EC7-4B8F-A30B-E4D90942FC07): 1
LogDevObjectVersion:   Dev-Automation (0DF73D61-A23F-47EA-B727-89E90C41499A): 1
LogDevObjectVersion:   FortniteMain (601D1886-AC64-4F84-AA16-D3DE0DEAC7D6): 47
LogDevObjectVersion:   FortniteRelease (E7086368-6B23-4C58-8439-1B7016265E91): 1
LogDevObjectVersion:   Dev-Enterprise (9DFFBCD6-494F-0158-E221-12823C92A888): 10
LogDevObjectVersion:   Dev-Niagara (F2AED0AC-9AFE-416F-8664-AA7FFA26D6FC): 1
LogDevObjectVersion:   Dev-Destruction (174F1F0B-B4C6-45A5-B13F-2EE8D0FB917D): 10
LogDevObjectVersion:   Dev-Physics-Ext (35F94A83-E258-406C-A318-09F59610247C): 41
LogDevObjectVersion:   Dev-PhysicsMaterial-Chaos (B68FC16E-8B1B-42E2-B453-215C058844FE): 1
LogDevObjectVersion:   Dev-CineCamera (B2E18506-4273-CFC2-A54E-F4BB758BBA07): 1
LogDevObjectVersion:   Dev-VirtualProduction (64F58936-FD1B-42BA-BA96-7289D5D0FA4E): 1
LogDevObjectVersion:   Dev-MediaFramework (6F0ED827-A609-4895-9C91-998D90180EA4): 2
LogInit: Presizing for max 25165824 objects, including 0 objects not considered by GC, pre-allocating 0 bytes for permanent pool.
LogConfig: Applying CVar settings from Section [/Script/Engine.StreamingSettings] File [C:/Users/maxgr/OneDrive/Documents/Unreal Projects/ScriptingMidterm22/Saved/Config/Windows/Engine.ini]
LogConfig: Setting CVar [[s.MinBulkDataSizeForAsyncLoading:131072]]
LogConfig: Setting CVar [[s.AsyncLoadingThreadEnabled:0]]
LogConfig: Setting CVar [[s.EventDrivenLoaderEnabled:1]]
LogConfig: Setting CVar [[s.WarnIfTimeLimitExceeded:0]]
LogConfig: Setting CVar [[s.TimeLimitExceededMultiplier:1.5]]
LogConfig: Setting CVar [[s.TimeLimitExceededMinTime:0.005]]
LogConfig: Setting CVar [[s.UseBackgroundLevelStreaming:1]]
LogConfig: Setting CVar [[s.PriorityAsyncLoadingExtraTime:15.0]]
LogConfig: Setting CVar [[s.LevelStreamingActorsUpdateTimeLimit:5.0]]
LogConfig: Setting CVar [[s.PriorityLevelStreamingActorsUpdateExtraTime:5.0]]
LogConfig: Setting CVar [[s.LevelStreamingComponentsRegistrationGranularity:10]]
LogConfig: Setting CVar [[s.UnregisterComponentsTimeLimit:1.0]]
LogConfig: Setting CVar [[s.LevelStreamingComponentsUnregistrationGranularity:5]]
LogConfig: Setting CVar [[s.FlushStreamingOnExit:1]]
LogInit: Object subsystem initialized
LogConfig: Setting CVar [[con.DebugEarlyDefault:1]]
LogConfig: Setting CVar [[r.setres:1280x720]]
[2022.10.20-20.29.36:098][  0]LogConfig: Setting CVar [[r.VSync:0]]
[2022.10.20-20.29.36:098][  0]LogConfig: Setting CVar [[r.RHICmdBypass:0]]
[2022.10.20-20.29.36:098][  0]LogConfig: Applying CVar settings from Section [/Script/Engine.RendererSettings] File [C:/Users/maxgr/OneDrive/Documents/Unreal Projects/ScriptingMidterm22/Saved/Config/Windows/Engine.ini]
[2022.10.20-20.29.36:098][  0]LogConfig: Setting CVar [[r.GPUCrashDebugging:0]]
[2022.10.20-20.29.36:098][  0]LogConfig: Applying CVar settings from Section [/Script/Engine.RendererOverrideSettings] File [C:/Users/maxgr/OneDrive/Documents/Unreal Projects/ScriptingMidterm22/Saved/Config/Windows/Engine.ini]
[2022.10.20-20.29.36:098][  0]LogConfig: Applying CVar settings from Section [/Script/Engine.StreamingSettings] File [C:/Users/maxgr/OneDrive/Documents/Unreal Projects/ScriptingMidterm22/Saved/Config/Windows/Engine.ini]
[2022.10.20-20.29.36:098][  0]LogConfig: Setting CVar [[s.MinBulkDataSizeForAsyncLoading:131072]]
[2022.10.20-20.29.36:098][  0]LogConfig: Setting CVar [[s.AsyncLoadingThreadEnabled:0]]
[2022.10.20-20.29.36:098][  0]LogConfig: Setting CVar [[s.EventDrivenLoaderEnabled:1]]
[2022.10.20-20.29.36:098][  0]LogConfig: Setting CVar [[s.WarnIfTimeLimitExceeded:0]]
[2022.10.20-20.29.36:098][  0]LogConfig: Setting CVar [[s.TimeLimitExceededMultiplier:1.5]]
[2022.10.20-20.29.36:098][  0]LogConfig: Setting CVar [[s.TimeLimitExceededMinTime:0.005]]
[2022.10.20-20.29.36:098][  0]LogConfig: Setting CVar [[s.UseBackgroundLevelStreaming:1]]
[2022.10.20-20.29.36:098][  0]LogConfig: Setting CVar [[s.PriorityAsyncLoadingExtraTime:15.0]]
[2022.10.20-20.29.36:098][  0]LogConfig: Setting CVar [[s.LevelStreamingActorsUpdateTimeLimit:5.0]]
[2022.10.20-20.29.36:098][  0]LogConfig: Setting CVar [[s.PriorityLevelStreamingActorsUpdateExtraTime:5.0]]
[2022.10.20-20.29.36:098][  0]LogConfig: Setting CVar [[s.LevelStreamingComponentsRegistrationGranularity:10]]
[2022.10.20-20.29.36:098][  0]LogConfig: Setting CVar [[s.UnregisterComponentsTimeLimit:1.0]]
[2022.10.20-20.29.36:098][  0]LogConfig: Setting CVar [[s.LevelStreamingComponentsUnregistrationGranularity:5]]
[2022.10.20-20.29.36:098][  0]LogConfig: Setting CVar [[s.FlushStreamingOnExit:1]]
[2022.10.20-20.29.36:098][  0]LogConfig: Applying CVar settings from Section [/Script/Engine.GarbageCollectionSettings] File [C:/Users/maxgr/OneDrive/Documents/Unreal Projects/ScriptingMidterm22/Saved/Config/Windows/Engine.ini]
[2022.10.20-20.29.36:098][  0]LogConfig: Setting CVar [[gc.MaxObjectsNotConsideredByGC:1]]
[2022.10.20-20.29.36:098][  0]LogConfig: Setting CVar [[gc.SizeOfPermanentObjectPool:0]]
[2022.10.20-20.29.36:098][  0]LogConfig: Setting CVar [[gc.FlushStreamingOnGC:0]]
[2022.10.20-20.29.36:098][  0]LogConfig: Setting CVar [[gc.NumRetriesBeforeForcingGC:10]]
[2022.10.20-20.29.36:098][  0]LogConfig: Setting CVar [[gc.AllowParallelGC:1]]
[2022.10.20-20.29.36:098][  0]LogConfig: Setting CVar [[gc.TimeBetweenPurgingPendingKillObjects:61.1]]
[2022.10.20-20.29.36:098][  0]LogConfig: Setting CVar [[gc.MaxObjectsInEditor:25165824]]
[2022.10.20-20.29.36:099][  0]LogConfig: Setting CVar [[gc.IncrementalBeginDestroyEnabled:1]]
[2022.10.20-20.29.36:099][  0]LogConfig: Setting CVar [[gc.CreateGCClusters:1]]
[2022.10.20-20.29.36:099][  0]LogConfig: Setting CVar [[gc.MinGCClusterSize:5]]
[2022.10.20-20.29.36:099][  0]LogConfig: Setting CVar [[gc.ActorClusteringEnabled:0]]
[2022.10.20-20.29.36:099][  0]LogConfig: Setting CVar [[gc.BlueprintClusteringEnabled:0]]
[2022.10.20-20.29.36:099][  0]LogConfig: Setting CVar [[gc.UseDisregardForGCOnDedicatedServers:0]]
[2022.10.20-20.29.36:099][  0]LogConfig: Setting CVar [[gc.MultithreadedDestructionEnabled:1]]
[2022.10.20-20.29.36:099][  0]LogConfig: Applying CVar settings from Section [/Script/Engine.NetworkSettings] File [C:/Users/maxgr/OneDrive/Documents/Unreal Projects/ScriptingMidterm22/Saved/Config/Windows/Engine.ini]
[2022.10.20-20.29.36:099][  0]LogConfig: Applying CVar settings from Section [/Script/UnrealEd.CookerSettings] File [C:/Users/maxgr/OneDrive/Documents/Unreal Projects/ScriptingMidterm22/Saved/Config/Windows/Engine.ini]
[2022.10.20-20.29.36:105][  0]LogConfig: Applying CVar settings from Section [ViewDistanceQuality@3] File [C:/Users/maxgr/OneDrive/Documents/Unreal Projects/ScriptingMidterm22/Saved/Config/Windows/Scalability.ini]
[2022.10.20-20.29.36:105][  0]LogConfig: Setting CVar [[r.SkeletalMeshLODBias:0]]
[2022.10.20-20.29.36:106][  0]LogConfig: Setting CVar [[r.ViewDistanceScale:1.0]]
[2022.10.20-20.29.36:106][  0]LogConfig: Applying CVar settings from Section [AntiAliasingQuality@3] File [C:/Users/maxgr/OneDrive/Documents/Unreal Projects/ScriptingMidterm22/Saved/Config/Windows/Scalability.ini]
[2022.10.20-20.29.36:106][  0]LogConfig: Setting CVar [[r.PostProcessAAQuality:4]]
[2022.10.20-20.29.36:106][  0]LogConfig: Applying CVar settings from Section [ShadowQuality@3] File [C:/Users/maxgr/OneDrive/Documents/Unreal Projects/ScriptingMidterm22/Saved/Config/Windows/Scalability.ini]
[2022.10.20-20.29.36:106][  0]LogConfig: Setting CVar [[r.LightFunctionQuality:1]]
[2022.10.20-20.29.36:106][  0]LogConfig: Setting CVar [[r.ShadowQuality:5]]
[2022.10.20-20.29.36:106][  0]LogConfig: Setting CVar [[r.Shadow.CSM.MaxCascades:10]]
[2022.10.20-20.29.36:106][  0]LogConfig: Setting CVar [[r.Shadow.MaxResolution:2048]]
[2022.10.20-20.29.36:106][  0]LogConfig: Setting CVar [[r.Shadow.MaxCSMResolution:2048]]
[2022.10.20-20.29.36:106][  0]LogConfig: Setting CVar [[r.Shadow.RadiusThreshold:0.01]]
[2022.10.20-20.29.36:106][  0]LogConfig: Setting CVar [[r.Shadow.DistanceScale:1.0]]
[2022.10.20-20.29.36:106][  0]LogConfig: Setting CVar [[r.Shadow.CSM.TransitionScale:1.0]]
[2022.10.20-20.29.36:106][  0]LogConfig: Setting CVar [[r.Shadow.PreShadowResolutionFactor:1.0]]
[2022.10.20-20.29.36:106][  0]LogConfig: Setting CVar [[r.DistanceFieldShadowing:1]]
[2022.10.20-20.29.36:106][  0]LogConfig: Setting CVar [[r.DistanceFieldAO:1]]
[2022.10.20-20.29.36:106][  0]LogConfig: Setting CVar [[r.AOQuality:2]]
[2022.10.20-20.29.36:106][  0]LogConfig: Setting CVar [[r.VolumetricFog:1]]
[2022.10.20-20.29.36:106][  0]LogConfig: Setting CVar [[r.VolumetricFog.GridPixelSize:8]]
[2022.10.20-20.29.36:106][  0]LogConfig: Setting CVar [[r.VolumetricFog.GridSizeZ:128]]
[2022.10.20-20.29.36:106][  0]LogConfig: Setting CVar [[r.VolumetricFog.HistoryMissSupersampleCount:4]]
[2022.10.20-20.29.36:106][  0]LogConfig: Setting CVar [[r.LightMaxDrawDistanceScale:1]]
[2022.10.20-20.29.36:106][  0]LogConfig: Setting CVar [[r.CapsuleShadows:1]]
[2022.10.20-20.29.36:106][  0]LogConfig: Applying CVar settings from Section [PostProcessQuality@3] File [C:/Users/maxgr/OneDrive/Documents/Unreal Projects/ScriptingMidterm22/Saved/Config/Windows/Scalability.ini]
[2022.10.20-20.29.36:106][  0]LogConfig: Setting CVar [[r.MotionBlurQuality:4]]
[2022.10.20-20.29.36:106][  0]LogConfig: Setting CVar [[r.AmbientOcclusionMipLevelFactor:0.4]]
[2022.10.20-20.29.36:106][  0]LogConfig: Setting CVar [[r.AmbientOcclusionMaxQuality:100]]
[2022.10.20-20.29.36:106][  0]LogConfig: Setting CVar [[r.AmbientOcclusionLevels:-1]]
[2022.10.20-20.29.36:106][  0]LogConfig: Setting CVar [[r.AmbientOcclusionRadiusScale:1.0]]
[2022.10.20-20.29.36:106][  0]LogConfig: Setting CVar [[r.DepthOfFieldQuality:2]]
[2022.10.20-20.29.36:106][  0]LogConfig: Setting CVar [[r.RenderTargetPoolMin:400]]
[2022.10.20-20.29.36:106][  0]LogConfig: Setting CVar [[r.LensFlareQuality:2]]
[2022.10.20-20.29.36:106][  0]LogConfig: Setting CVar [[r.SceneColorFringeQuality:1]]
[2022.10.20-20.29.36:106][  0]LogConfig: Setting CVar [[r.EyeAdaptationQuality:2]]
[2022.10.20-20.29.36:106][  0]LogConfig: Setting CVar [[r.BloomQuality:5]]
[2022.10.20-20.29.36:106][  0]LogConfig: Setting CVar [[r.FastBlurThreshold:100]]
[2022.10.20-20.29.36:106][  0]LogConfig: Setting CVar [[r.Upscale.Quality:3]]
[2022.10.20-20.29.36:106][  0]LogConfig: Setting CVar [[r.Tonemapper.GrainQuantization:1]]
[2022.10.20-20.29.36:106][  0]LogConfig: Setting CVar [[r.LightShaftQuality:1]]
[2022.10.20-20.29.36:106][  0]LogConfig: Setting CVar [[r.Filter.SizeScale:1]]
[2022.10.20-20.29.36:106][  0]LogConfig: Setting CVar [[r.Tonemapper.Quality:5]]
[2022.10.20-20.29.36:106][  0]LogConfig: Setting CVar [[r.DOF.Gather.AccumulatorQuality:1        ; higher gathering accumulator quality]]
[2022.10.20-20.29.36:106][  0]LogConfig: Setting CVar [[r.DOF.Gather.PostfilterMethod:1          ; Median3x3 postfilering method]]
[2022.10.20-20.29.36:106][  0]LogConfig: Setting CVar [[r.DOF.Gather.EnableBokehSettings:0       ; no bokeh simulation when gathering]]
[2022.10.20-20.29.36:106][  0]LogConfig: Setting CVar [[r.DOF.Gather.RingCount:4                 ; medium number of samples when gathering]]
[2022.10.20-20.29.36:106][  0]LogConfig: Setting CVar [[r.DOF.Scatter.ForegroundCompositing:1    ; additive foreground scattering]]
[2022.10.20-20.29.36:106][  0]LogConfig: Setting CVar [[r.DOF.Scatter.BackgroundCompositing:2    ; additive background scattering]]
[2022.10.20-20.29.36:106][  0]LogConfig: Setting CVar [[r.DOF.Scatter.EnableBokehSettings:1      ; bokeh simulation when scattering]]
[2022.10.20-20.29.36:106][  0]LogConfig: Setting CVar [[r.DOF.Scatter.MaxSpriteRatio:0.1         ; only a maximum of 10% of scattered bokeh]]
[2022.10.20-20.29.36:106][  0]LogConfig: Setting CVar [[r.DOF.Recombine.Quality:1                ; cheap slight out of focus]]
[2022.10.20-20.29.36:106][  0]LogConfig: Setting CVar [[r.DOF.Recombine.EnableBokehSettings:0    ; no bokeh simulation on slight out of focus]]
[2022.10.20-20.29.36:106][  0]LogConfig: Setting CVar [[r.DOF.TemporalAAQuality:1                ; more stable temporal accumulation]]
[2022.10.20-20.29.36:106][  0]LogConfig: Setting CVar [[r.DOF.Kernel.MaxForegroundRadius:0.025]]
[2022.10.20-20.29.36:106][  0]LogConfig: Setting CVar [[r.DOF.Kernel.MaxBackgroundRadius:0.025]]
[2022.10.20-20.29.36:106][  0]LogConfig: Applying CVar settings from Section [TextureQuality@3] File [C:/Users/maxgr/OneDrive/Documents/Unreal Projects/ScriptingMidterm22/Saved/Config/Windows/Scalability.ini]
[2022.10.20-20.29.36:106][  0]LogConfig: Setting CVar [[r.Streaming.MipBias:0]]
[2022.10.20-20.29.36:106][  0]LogConfig: Setting CVar [[r.Streaming.AmortizeCPUToGPUCopy:0]]
[2022.10.20-20.29.36:106][  0]LogConfig: Setting CVar [[r.Streaming.MaxNumTexturesToStreamPerFrame:0]]
[2022.10.20-20.29.36:106][  0]LogConfig: Setting CVar [[r.Streaming.Boost:1]]
[2022.10.20-20.29.36:106][  0]LogConfig: Setting CVar [[r.MaxAnisotropy:8]]
[2022.10.20-20.29.36:106][  0]LogConfig: Setting CVar [[r.VT.MaxAnisotropy:8]]
[2022.10.20-20.29.36:106][  0]LogConfig: Setting CVar [[r.Streaming.LimitPoolSizeToVRAM:0]]
[2022.10.20-20.29.36:107][  0]LogConfig: Setting CVar [[r.Streaming.PoolSize:1000]]
[2022.10.20-20.29.36:107][  0]LogConfig: Setting CVar [[r.Streaming.MaxEffectiveScreenSize:0]]
[2022.10.20-20.29.36:107][  0]LogConfig: Applying CVar settings from Section [EffectsQuality@3] File [C:/Users/maxgr/OneDrive/Documents/Unreal Projects/ScriptingMidterm22/Saved/Config/Windows/Scalability.ini]
[2022.10.20-20.29.36:107][  0]LogConfig: Setting CVar [[r.TranslucencyLightingVolumeDim:64]]
[2022.10.20-20.29.36:107][  0]LogConfig: Setting CVar [[r.RefractionQuality:2]]
[2022.10.20-20.29.36:107][  0]LogConfig: Setting CVar [[r.SSR.Quality:3]]
[2022.10.20-20.29.36:107][  0]LogConfig: Setting CVar [[r.SSR.HalfResSceneColor:0]]
[2022.10.20-20.29.36:107][  0]LogConfig: Setting CVar [[r.SceneColorFormat:4]]
[2022.10.20-20.29.36:107][  0]LogConfig: Setting CVar [[r.DetailMode:2]]
[2022.10.20-20.29.36:107][  0]LogConfig: Setting CVar [[r.TranslucencyVolumeBlur:1]]
[2022.10.20-20.29.36:107][  0]LogConfig: Setting CVar [[r.MaterialQualityLevel:1 ; High quality]]
[2022.10.20-20.29.36:107][  0]LogConfig: Setting CVar [[r.AnisotropicMaterials:1]]
[2022.10.20-20.29.36:107][  0]LogConfig: Setting CVar [[r.SSS.Scale:1]]
[2022.10.20-20.29.36:107][  0]LogConfig: Setting CVar [[r.SSS.SampleSet:2]]
[2022.10.20-20.29.36:107][  0]LogConfig: Setting CVar [[r.SSS.Quality:1]]
[2022.10.20-20.29.36:107][  0]LogConfig: Setting CVar [[r.SSS.HalfRes:0]]
[2022.10.20-20.29.36:107][  0]LogConfig: Setting CVar [[r.SSGI.Quality:3]]
[2022.10.20-20.29.36:107][  0]LogConfig: Setting CVar [[r.EmitterSpawnRateScale:1.0]]
[2022.10.20-20.29.36:107][  0]LogConfig: Setting CVar [[r.ParticleLightQuality:2]]
[2022.10.20-20.29.36:107][  0]LogConfig: Setting CVar [[r.SkyAtmosphere.AerialPerspectiveLUT.FastApplyOnOpaque:1 ; Always have FastSkyLUT 1 in this case to avoid wrong sky]]
[2022.10.20-20.29.36:107][  0]LogConfig: Setting CVar [[r.SkyAtmosphere.AerialPerspectiveLUT.SampleCountMaxPerSlice:4]]
[2022.10.20-20.29.36:107][  0]LogConfig: Setting CVar [[r.SkyAtmosphere.AerialPerspectiveLUT.DepthResolution:16.0]]
[2022.10.20-20.29.36:107][  0]LogConfig: Setting CVar [[r.SkyAtmosphere.FastSkyLUT:1]]
[2022.10.20-20.29.36:107][  0]LogConfig: Setting CVar [[r.SkyAtmosphere.FastSkyLUT.SampleCountMin:4.0]]
[2022.10.20-20.29.36:107][  0]LogConfig: Setting CVar [[r.SkyAtmosphere.FastSkyLUT.SampleCountMax:128.0]]
[2022.10.20-20.29.36:107][  0]LogConfig: Setting CVar [[r.SkyAtmosphere.SampleCountMin:4.0]]
[2022.10.20-20.29.36:107][  0]LogConfig: Setting CVar [[r.SkyAtmosphere.SampleCountMax:128.0]]
[2022.10.20-20.29.36:107][  0]LogConfig: Setting CVar [[r.SkyAtmosphere.TransmittanceLUT.UseSmallFormat:0]]
[2022.10.20-20.29.36:107][  0]LogConfig: Setting CVar [[r.SkyAtmosphere.TransmittanceLUT.SampleCount:10.0]]
[2022.10.20-20.29.36:107][  0]LogConfig: Setting CVar [[r.SkyAtmosphere.MultiScatteringLUT.SampleCount:15.0]]
[2022.10.20-20.29.36:107][  0]LogConfig: Setting CVar [[r.SkyLight.RealTimeReflectionCapture:1]]
[2022.10.20-20.29.36:107][  0]LogConfig: Applying CVar settings from Section [FoliageQuality@3] File [C:/Users/maxgr/OneDrive/Documents/Unreal Projects/ScriptingMidterm22/Saved/Config/Windows/Scalability.ini]
[2022.10.20-20.29.36:107][  0]LogConfig: Setting CVar [[foliage.DensityScale:1.0]]
[2022.10.20-20.29.36:107][  0]LogConfig: Setting CVar [[grass.DensityScale:1.0]]
[2022.10.20-20.29.36:107][  0]LogConfig: Applying CVar settings from Section [ShadingQuality@3] File [C:/Users/maxgr/OneDrive/Documents/Unreal Projects/ScriptingMidterm22/Saved/Config/Windows/Scalability.ini]
[2022.10.20-20.29.36:107][  0]LogConfig: Setting CVar [[r.HairStrands.SkyLighting.IntegrationType:2]]
[2022.10.20-20.29.36:107][  0]LogConfig: Setting CVar [[r.HairStrands.SkyAO.SampleCount:4]]
[2022.10.20-20.29.36:107][  0]LogConfig: Setting CVar [[r.HairStrands.Visibility.MSAA.SamplePerPixel:4]]
[2022.10.20-20.29.36:107][  0]LogInit: Selected Device Profile: [Windows]
[2022.10.20-20.29.36:107][  0]LogInit: Applying CVar settings loaded from the selected device profile: [Windows]
[2022.10.20-20.29.36:107][  0]LogHAL: Display: Platform has ~ 8 GB [7879585792 / 8589934592 / 8], which maps to Default [LargestMinGB=32, LargerMinGB=12, DefaultMinGB=8, SmallerMinGB=6, SmallestMinGB=0)
[2022.10.20-20.29.36:107][  0]LogInit: Going up to parent DeviceProfile []
[2022.10.20-20.29.36:107][  0]LogConfig: Applying CVar settings from Section [ViewDistanceQuality@3] File [C:/Users/maxgr/OneDrive/Documents/Unreal Projects/ScriptingMidterm22/Saved/Config/Windows/Scalability.ini]
[2022.10.20-20.29.36:107][  0]LogConfig: Setting CVar [[r.SkeletalMeshLODBias:0]]
[2022.10.20-20.29.36:107][  0]LogConfig: Setting CVar [[r.ViewDistanceScale:1.0]]
[2022.10.20-20.29.36:107][  0]LogConfig: Applying CVar settings from Section [AntiAliasingQuality@3] File [C:/Users/maxgr/OneDrive/Documents/Unreal Projects/ScriptingMidterm22/Saved/Config/Windows/Scalability.ini]
[2022.10.20-20.29.36:107][  0]LogConfig: Setting CVar [[r.PostProcessAAQuality:4]]
[2022.10.20-20.29.36:107][  0]LogConfig: Applying CVar settings from Section [ShadowQuality@3] File [C:/Users/maxgr/OneDrive/Documents/Unreal Projects/ScriptingMidterm22/Saved/Config/Windows/Scalability.ini]
[2022.10.20-20.29.36:107][  0]LogConfig: Setting CVar [[r.LightFunctionQuality:1]]
[2022.10.20-20.29.36:107][  0]LogConfig: Setting CVar [[r.ShadowQuality:5]]
[2022.10.20-20.29.36:107][  0]LogConfig: Setting CVar [[r.Shadow.CSM.MaxCascades:10]]
[2022.10.20-20.29.36:107][  0]LogConfig: Setting CVar [[r.Shadow.MaxResolution:2048]]
[2022.10.20-20.29.36:107][  0]LogConfig: Setting CVar [[r.Shadow.MaxCSMResolution:2048]]
[2022.10.20-20.29.36:107][  0]LogConfig: Setting CVar [[r.Shadow.RadiusThreshold:0.01]]
[2022.10.20-20.29.36:108][  0]LogConfig: Setting CVar [[r.Shadow.DistanceScale:1.0]]
[2022.10.20-20.29.36:108][  0]LogConfig: Setting CVar [[r.Shadow.CSM.TransitionScale:1.0]]
[2022.10.20-20.29.36:108][  0]LogConfig: Setting CVar [[r.Shadow.PreShadowResolutionFactor:1.0]]
[2022.10.20-20.29.36:108][  0]LogConfig: Setting CVar [[r.DistanceFieldShadowing:1]]
[2022.10.20-20.29.36:108][  0]LogConfig: Setting CVar [[r.DistanceFieldAO:1]]
[2022.10.20-20.29.36:108][  0]LogConfig: Setting CVar [[r.AOQuality:2]]
[2022.10.20-20.29.36:108][  0]LogConfig: Setting CVar [[r.VolumetricFog:1]]
[2022.10.20-20.29.36:108][  0]LogConfig: Setting CVar [[r.VolumetricFog.GridPixelSize:8]]
[2022.10.20-20.29.36:108][  0]LogConfig: Setting CVar [[r.VolumetricFog.GridSizeZ:128]]
[2022.10.20-20.29.36:108][  0]LogConfig: Setting CVar [[r.VolumetricFog.HistoryMissSupersampleCount:4]]
[2022.10.20-20.29.36:108][  0]LogConfig: Setting CVar [[r.LightMaxDrawDistanceScale:1]]
[2022.10.20-20.29.36:108][  0]LogConfig: Setting CVar [[r.CapsuleShadows:1]]
[2022.10.20-20.29.36:108][  0]LogConfig: Applying CVar settings from Section [PostProcessQuality@3] File [C:/Users/maxgr/OneDrive/Documents/Unreal Projects/ScriptingMidterm22/Saved/Config/Windows/Scalability.ini]
[2022.10.20-20.29.36:108][  0]LogConfig: Setting CVar [[r.MotionBlurQuality:4]]
[2022.10.20-20.29.36:108][  0]LogConfig: Setting CVar [[r.AmbientOcclusionMipLevelFactor:0.4]]
[2022.10.20-20.29.36:108][  0]LogConfig: Setting CVar [[r.AmbientOcclusionMaxQuality:100]]
[2022.10.20-20.29.36:108][  0]LogConfig: Setting CVar [[r.AmbientOcclusionLevels:-1]]
[2022.10.20-20.29.36:108][  0]LogConfig: Setting CVar [[r.AmbientOcclusionRadiusScale:1.0]]
[2022.10.20-20.29.36:108][  0]LogConfig: Setting CVar [[r.DepthOfFieldQuality:2]]
[2022.10.20-20.29.36:108][  0]LogConfig: Setting CVar [[r.RenderTargetPoolMin:400]]
[2022.10.20-20.29.36:108][  0]LogConfig: Setting CVar [[r.LensFlareQuality:2]]
[2022.10.20-20.29.36:108][  0]LogConfig: Setting CVar [[r.SceneColorFringeQuality:1]]
[2022.10.20-20.29.36:108][  0]LogConfig: Setting CVar [[r.EyeAdaptationQuality:2]]
[2022.10.20-20.29.36:108][  0]LogConfig: Setting CVar [[r.BloomQuality:5]]
[2022.10.20-20.29.36:108][  0]LogConfig: Setting CVar [[r.FastBlurThreshold:100]]
[2022.10.20-20.29.36:108][  0]LogConfig: Setting CVar [[r.Upscale.Quality:3]]
[2022.10.20-20.29.36:108][  0]LogConfig: Setting CVar [[r.Tonemapper.GrainQuantization:1]]
[2022.10.20-20.29.36:108][  0]LogConfig: Setting CVar [[r.LightShaftQuality:1]]
[2022.10.20-20.29.36:108][  0]LogConfig: Setting CVar [[r.Filter.SizeScale:1]]
[2022.10.20-20.29.36:108][  0]LogConfig: Setting CVar [[r.Tonemapper.Quality:5]]
[2022.10.20-20.29.36:108][  0]LogConfig: Setting CVar [[r.DOF.Gather.AccumulatorQuality:1        ; higher gathering accumulator quality]]
[2022.10.20-20.29.36:108][  0]LogConfig: Setting CVar [[r.DOF.Gather.PostfilterMethod:1          ; Median3x3 postfilering method]]
[2022.10.20-20.29.36:108][  0]LogConfig: Setting CVar [[r.DOF.Gather.EnableBokehSettings:0       ; no bokeh simulation when gathering]]
[2022.10.20-20.29.36:108][  0]LogConfig: Setting CVar [[r.DOF.Gather.RingCount:4                 ; medium number of samples when gathering]]
[2022.10.20-20.29.36:108][  0]LogConfig: Setting CVar [[r.DOF.Scatter.ForegroundCompositing:1    ; additive foreground scattering]]
[2022.10.20-20.29.36:108][  0]LogConfig: Setting CVar [[r.DOF.Scatter.BackgroundCompositing:2    ; additive background scattering]]
[2022.10.20-20.29.36:108][  0]LogConfig: Setting CVar [[r.DOF.Scatter.EnableBokehSettings:1      ; bokeh simulation when scattering]]
[2022.10.20-20.29.36:108][  0]LogConfig: Setting CVar [[r.DOF.Scatter.MaxSpriteRatio:0.1         ; only a maximum of 10% of scattered bokeh]]
[2022.10.20-20.29.36:108][  0]LogConfig: Setting CVar [[r.DOF.Recombine.Quality:1                ; cheap slight out of focus]]
[2022.10.20-20.29.36:108][  0]LogConfig: Setting CVar [[r.DOF.Recombine.EnableBokehSettings:0    ; no bokeh simulation on slight out of focus]]
[2022.10.20-20.29.36:108][  0]LogConfig: Setting CVar [[r.DOF.TemporalAAQuality:1                ; more stable temporal accumulation]]
[2022.10.20-20.29.36:108][  0]LogConfig: Setting CVar [[r.DOF.Kernel.MaxForegroundRadius:0.025]]
[2022.10.20-20.29.36:108][  0]LogConfig: Setting CVar [[r.DOF.Kernel.MaxBackgroundRadius:0.025]]
[2022.10.20-20.29.36:108][  0]LogConfig: Applying CVar settings from Section [TextureQuality@3] File [C:/Users/maxgr/OneDrive/Documents/Unreal Projects/ScriptingMidterm22/Saved/Config/Windows/Scalability.ini]
[2022.10.20-20.29.36:108][  0]LogConfig: Setting CVar [[r.Streaming.MipBias:0]]
[2022.10.20-20.29.36:108][  0]LogConfig: Setting CVar [[r.Streaming.AmortizeCPUToGPUCopy:0]]
[2022.10.20-20.29.36:108][  0]LogConfig: Setting CVar [[r.Streaming.MaxNumTexturesToStreamPerFrame:0]]
[2022.10.20-20.29.36:108][  0]LogConfig: Setting CVar [[r.Streaming.Boost:1]]
[2022.10.20-20.29.36:108][  0]LogConfig: Setting CVar [[r.MaxAnisotropy:8]]
[2022.10.20-20.29.36:108][  0]LogConfig: Setting CVar [[r.VT.MaxAnisotropy:8]]
[2022.10.20-20.29.36:108][  0]LogConfig: Setting CVar [[r.Streaming.LimitPoolSizeToVRAM:0]]
[2022.10.20-20.29.36:108][  0]LogConfig: Setting CVar [[r.Streaming.PoolSize:1000]]
[2022.10.20-20.29.36:108][  0]LogConfig: Setting CVar [[r.Streaming.MaxEffectiveScreenSize:0]]
[2022.10.20-20.29.36:108][  0]LogConfig: Applying CVar settings from Section [EffectsQuality@3] File [C:/Users/maxgr/OneDrive/Documents/Unreal Projects/ScriptingMidterm22/Saved/Config/Windows/Scalability.ini]
[2022.10.20-20.29.36:108][  0]LogConfig: Setting CVar [[r.TranslucencyLightingVolumeDim:64]]
[2022.10.20-20.29.36:108][  0]LogConfig: Setting CVar [[r.RefractionQuality:2]]
[2022.10.20-20.29.36:108][  0]LogConfig: Setting CVar [[r.SSR.Quality:3]]
[2022.10.20-20.29.36:108][  0]LogConfig: Setting CVar [[r.SSR.HalfResSceneColor:0]]
[2022.10.20-20.29.36:108][  0]LogConfig: Setting CVar [[r.SceneColorFormat:4]]
[2022.10.20-20.29.36:108][  0]LogConfig: Setting CVar [[r.DetailMode:2]]
[2022.10.20-20.29.36:108][  0]LogConfig: Setting CVar [[r.TranslucencyVolumeBlur:1]]
[2022.10.20-20.29.36:108][  0]LogConfig: Setting CVar [[r.MaterialQualityLevel:1 ; High quality]]
[2022.10.20-20.29.36:108][  0]LogConfig: Setting CVar [[r.AnisotropicMaterials:1]]
[2022.10.20-20.29.36:108][  0]LogConfig: Setting CVar [[r.SSS.Scale:1]]
[2022.10.20-20.29.36:108][  0]LogConfig: Setting CVar [[r.SSS.SampleSet:2]]
[2022.10.20-20.29.36:109][  0]LogConfig: Setting CVar [[r.SSS.Quality:1]]
[2022.10.20-20.29.36:109][  0]LogConfig: Setting CVar [[r.SSS.HalfRes:0]]
[2022.10.20-20.29.36:109][  0]LogConfig: Setting CVar [[r.SSGI.Quality:3]]
[2022.10.20-20.29.36:109][  0]LogConfig: Setting CVar [[r.EmitterSpawnRateScale:1.0]]
[2022.10.20-20.29.36:109][  0]LogConfig: Setting CVar [[r.ParticleLightQuality:2]]
[2022.10.20-20.29.36:109][  0]LogConfig: Setting CVar [[r.SkyAtmosphere.AerialPerspectiveLUT.FastApplyOnOpaque:1 ; Always have FastSkyLUT 1 in this case to avoid wrong sky]]
[2022.10.20-20.29.36:109][  0]LogConfig: Setting CVar [[r.SkyAtmosphere.AerialPerspectiveLUT.SampleCountMaxPerSlice:4]]
[2022.10.20-20.29.36:109][  0]LogConfig: Setting CVar [[r.SkyAtmosphere.AerialPerspectiveLUT.DepthResolution:16.0]]
[2022.10.20-20.29.36:109][  0]LogConfig: Setting CVar [[r.SkyAtmosphere.FastSkyLUT:1]]
[2022.10.20-20.29.36:109][  0]LogConfig: Setting CVar [[r.SkyAtmosphere.FastSkyLUT.SampleCountMin:4.0]]
[2022.10.20-20.29.36:109][  0]LogConfig: Setting CVar [[r.SkyAtmosphere.FastSkyLUT.SampleCountMax:128.0]]
[2022.10.20-20.29.36:109][  0]LogConfig: Setting CVar [[r.SkyAtmosphere.SampleCountMin:4.0]]
[2022.10.20-20.29.36:109][  0]LogConfig: Setting CVar [[r.SkyAtmosphere.SampleCountMax:128.0]]
[2022.10.20-20.29.36:109][  0]LogConfig: Setting CVar [[r.SkyAtmosphere.TransmittanceLUT.UseSmallFormat:0]]
[2022.10.20-20.29.36:109][  0]LogConfig: Setting CVar [[r.SkyAtmosphere.TransmittanceLUT.SampleCount:10.0]]
[2022.10.20-20.29.36:109][  0]LogConfig: Setting CVar [[r.SkyAtmosphere.MultiScatteringLUT.SampleCount:15.0]]
[2022.10.20-20.29.36:109][  0]LogConfig: Setting CVar [[r.SkyLight.RealTimeReflectionCapture:1]]
[2022.10.20-20.29.36:109][  0]LogConfig: Applying CVar settings from Section [FoliageQuality@3] File [C:/Users/maxgr/OneDrive/Documents/Unreal Projects/ScriptingMidterm22/Saved/Config/Windows/Scalability.ini]
[2022.10.20-20.29.36:109][  0]LogConfig: Setting CVar [[foliage.DensityScale:1.0]]
[2022.10.20-20.29.36:109][  0]LogConfig: Setting CVar [[grass.DensityScale:1.0]]
[2022.10.20-20.29.36:109][  0]LogConfig: Applying CVar settings from Section [ShadingQuality@3] File [C:/Users/maxgr/OneDrive/Documents/Unreal Projects/ScriptingMidterm22/Saved/Config/Windows/Scalability.ini]
[2022.10.20-20.29.36:109][  0]LogConfig: Setting CVar [[r.HairStrands.SkyLighting.IntegrationType:2]]
[2022.10.20-20.29.36:109][  0]LogConfig: Setting CVar [[r.HairStrands.SkyAO.SampleCount:4]]
[2022.10.20-20.29.36:109][  0]LogConfig: Setting CVar [[r.HairStrands.Visibility.MSAA.SamplePerPixel:4]]
[2022.10.20-20.29.36:109][  0]LogConfig: Applying CVar settings from Section [Startup] File [../../../Engine/Config/ConsoleVariables.ini]
[2022.10.20-20.29.36:110][  0]LogConfig: Setting CVar [[net.UseAdaptiveNetUpdateFrequency:0]]
[2022.10.20-20.29.36:110][  0]LogConfig: Setting CVar [[p.chaos.AllowCreatePhysxBodies:1]]
[2022.10.20-20.29.36:110][  0]LogConfig: Setting CVar [[fx.SkipVectorVMBackendOptimizations:1]]
[2022.10.20-20.29.36:110][  0]LogConfig: Applying CVar settings from Section [ConsoleVariables] File [C:/Users/maxgr/OneDrive/Documents/Unreal Projects/ScriptingMidterm22/Saved/Config/Windows/Engine.ini]
[2022.10.20-20.29.36:110][  0]LogConfig: Applying CVar settings from Section [ConsoleVariables] File [C:/Users/maxgr/OneDrive/Documents/Unreal Projects/ScriptingMidterm22/Saved/Config/Windows/Editor.ini]
[2022.10.20-20.29.36:111][  0]LogInit: Computer: DESKTOP-5RGOS6D
[2022.10.20-20.29.36:112][  0]LogInit: User: maxgr
[2022.10.20-20.29.36:112][  0]LogInit: CPU Page size=4096, Cores=6
[2022.10.20-20.29.36:112][  0]LogInit: High frequency timer resolution =10.000000 MHz
[2022.10.20-20.29.36:112][  0]LogMemory: Memory total: Physical=7.3GB (8GB approx)
[2022.10.20-20.29.36:112][  0]LogMemory: Platform Memory Stats for Windows
[2022.10.20-20.29.36:112][  0]LogMemory: Process Physical Memory: 144.50 MB used, 144.50 MB peak
[2022.10.20-20.29.36:112][  0]LogMemory: Process Virtual Memory: 127.92 MB used, 127.92 MB peak
[2022.10.20-20.29.36:112][  0]LogMemory: Physical Memory: 7258.38 MB used,  256.18 MB free, 7514.56 MB total
[2022.10.20-20.29.36:112][  0]LogMemory: Virtual Memory: 134209264.00 MB used,  8462.51 MB free, 134217728.00 MB total
[2022.10.20-20.29.36:123][  0]LogWindows: WindowsPlatformFeatures enabled
[2022.10.20-20.29.36:199][  0]LogInit: Physics initialised using underlying interface: PhysX
[2022.10.20-20.29.36:201][  0]LogInit: Using OS detected language (en-US).
[2022.10.20-20.29.36:201][  0]LogInit: Using OS detected locale (en-US).
[2022.10.20-20.29.36:216][  0]LogTextLocalizationManager: No specific localization for 'en-US' exists, so the 'en' localization will be used.
[2022.10.20-20.29.36:839][  0]LogInit: Setting process to per monitor DPI aware
[2022.10.20-20.29.36:866][  0]LogWindowsTextInputMethodSystem: Display: IME system deactivated.
[2022.10.20-20.29.36:907][  0]LogSlate: New Slate User Created.  User Index 0, Is Virtual User: 0
[2022.10.20-20.29.36:908][  0]LogSlate: Slate User Registered.  User Index 0, Is Virtual User: 0
[2022.10.20-20.29.37:535][  0]LogD3D11RHI: Loaded GFSDK_Aftermath_Lib.x64.dll
[2022.10.20-20.29.37:546][  0]LogHMD: Failed to initialize OpenVR with code 110
[2022.10.20-20.29.37:546][  0]LogD3D11RHI: D3D11 min allowed feature level: 11_0
[2022.10.20-20.29.37:546][  0]LogD3D11RHI: D3D11 max allowed feature level: 11_0
[2022.10.20-20.29.37:547][  0]LogD3D11RHI: D3D11 adapters:
[2022.10.20-20.29.37:654][  0]LogD3D11RHI:    0. 'AMD Radeon(TM) Graphics' (Feature Level 11_0)
[2022.10.20-20.29.37:654][  0]LogD3D11RHI:       495/0/3757 MB DedicatedVideo/DedicatedSystem/SharedSystem, Outputs:1, VendorId:0x1002
[2022.10.20-20.29.37:662][  0]LogD3D11RHI:    1. 'Microsoft Basic Render Driver' (Feature Level 11_0)
[2022.10.20-20.29.37:662][  0]LogD3D11RHI:       0/0/3757 MB DedicatedVideo/DedicatedSystem/SharedSystem, Outputs:0, VendorId:0x1414
[2022.10.20-20.29.37:662][  0]LogD3D11RHI: Chosen D3D11 Adapter:
[2022.10.20-20.29.37:662][  0]LogD3D11RHI:     Description : AMD Radeon(TM) Graphics
[2022.10.20-20.29.37:662][  0]LogD3D11RHI:     VendorId    : 1002
[2022.10.20-20.29.37:662][  0]LogD3D11RHI:     DeviceId    : 164c
[2022.10.20-20.29.37:662][  0]LogD3D11RHI:     SubSysId    : 380217aa
[2022.10.20-20.29.37:662][  0]LogD3D11RHI:     Revision    : 00c2
[2022.10.20-20.29.37:663][  0]LogD3D11RHI:     DedicatedVideoMemory : 520056832 bytes
[2022.10.20-20.29.37:663][  0]LogD3D11RHI:     DedicatedSystemMemory : 0 bytes
[2022.10.20-20.29.37:663][  0]LogD3D11RHI:     SharedSystemMemory : 3939792896 bytes
[2022.10.20-20.29.37:663][  0]LogD3D11RHI:     AdapterLuid : 0 58406
[2022.10.20-20.29.37:679][  0]LogD3D11RHI: Creating new Direct3DDevice
[2022.10.20-20.29.37:679][  0]LogD3D11RHI:     GPU DeviceId: 0x164c (for the marketing name, search the web for "GPU Device Id")
[2022.10.20-20.29.37:679][  0]LogWindows: EnumDisplayDevices:
[2022.10.20-20.29.37:679][  0]LogWindows:    0. 'AMD Radeon(TM) Graphics' (P:1 D:1)
[2022.10.20-20.29.37:680][  0]LogWindows:    1. 'AMD Radeon(TM) Graphics' (P:0 D:0)
[2022.10.20-20.29.37:681][  0]LogWindows:    2. 'AMD Radeon(TM) Graphics' (P:0 D:0)
[2022.10.20-20.29.37:681][  0]LogWindows:    3. 'AMD Radeon(TM) Graphics' (P:0 D:0)
[2022.10.20-20.29.37:682][  0]LogWindows:    4. 'AMD Radeon(TM) Graphics' (P:0 D:0)
[2022.10.20-20.29.37:682][  0]LogWindows: DebugString: FoundDriverCount:5 
[2022.10.20-20.29.37:682][  0]LogD3D11RHI:     Adapter Name: AMD Radeon(TM) Graphics
[2022.10.20-20.29.37:682][  0]LogD3D11RHI:   Driver Version: Adrenalin 21.30.32 (internal:30.0.13032.0, unified:30.0.13032.0)
[2022.10.20-20.29.37:682][  0]LogD3D11RHI:      Driver Date: 10-26-2021
[2022.10.20-20.29.37:682][  0]LogRHI: Texture pool is 2679 MB (70% of 3827 MB)
[2022.10.20-20.29.37:716][  0]LogD3D11RHI: Creating D3DDevice with AMD AGS, using adapter:
[2022.10.20-20.29.37:717][  0]LogD3D11RHI:     Description : AMD Radeon(TM) Graphics
[2022.10.20-20.29.37:717][  0]LogD3D11RHI:     VendorId    : 1002
[2022.10.20-20.29.37:717][  0]LogD3D11RHI:     DeviceId    : 164c
[2022.10.20-20.29.37:717][  0]LogD3D11RHI:     SubSysId    : 380217aa
[2022.10.20-20.29.37:717][  0]LogD3D11RHI:     Revision    : 00c2
[2022.10.20-20.29.37:717][  0]LogD3D11RHI:     DedicatedVideoMemory : 520056832 bytes
[2022.10.20-20.29.37:717][  0]LogD3D11RHI:     DedicatedSystemMemory : 0 bytes
[2022.10.20-20.29.37:717][  0]LogD3D11RHI:     SharedSystemMemory : 3939792896 bytes
[2022.10.20-20.29.37:717][  0]LogD3D11RHI:     AdapterLuid : 0 58406
[2022.10.20-20.29.37:800][  0]LogD3D11RHI: Created device via AGS, feature level 11_0, supported extensions 1fffffbf.
[2022.10.20-20.29.37:800][  0]LogD3D11RHI: RHI has support for 64 bit atomics
[2022.10.20-20.29.37:800][  0]LogD3D11RHI: Async texture creation enabled
[2022.10.20-20.29.37:800][  0]LogD3D11RHI: Array index from any shader is supported
[2022.10.20-20.29.37:817][  0]LogD3D11RHI: GPU Timing Frequency: 100.000000 (Debug: 2 1)
[2022.10.20-20.29.38:429][  0]LogTargetPlatformManager: Display: Loaded TargetPlatform 'AllDesktop'
[2022.10.20-20.29.38:476][  0]LogTargetPlatformManager: Display: Loaded TargetPlatform 'Android'
[2022.10.20-20.29.38:476][  0]LogTargetPlatformManager: Display: Loaded TargetPlatform 'Android_ASTC'
[2022.10.20-20.29.38:476][  0]LogTargetPlatformManager: Display: Loaded TargetPlatform 'Android_DXT'
[2022.10.20-20.29.38:476][  0]LogTargetPlatformManager: Display: Loaded TargetPlatform 'Android_ETC2'
[2022.10.20-20.29.38:476][  0]LogTargetPlatformManager: Display: Loaded TargetPlatform 'AndroidClient'
[2022.10.20-20.29.38:476][  0]LogTargetPlatformManager: Display: Loaded TargetPlatform 'Android_ASTCClient'
[2022.10.20-20.29.38:476][  0]LogTargetPlatformManager: Display: Loaded TargetPlatform 'Android_DXTClient'
[2022.10.20-20.29.38:476][  0]LogTargetPlatformManager: Display: Loaded TargetPlatform 'Android_ETC2Client'
[2022.10.20-20.29.38:476][  0]LogTargetPlatformManager: Display: Loaded TargetPlatform 'Android_Multi'
[2022.10.20-20.29.38:476][  0]LogTargetPlatformManager: Display: Loaded TargetPlatform 'Android_MultiClient'
[2022.10.20-20.29.38:523][  0]LogTargetPlatformManager: Display: Loaded TargetPlatform 'IOSClient'
[2022.10.20-20.29.38:523][  0]LogTargetPlatformManager: Display: Loaded TargetPlatform 'IOS'
[2022.10.20-20.29.38:546][  0]LogTargetPlatformManager: Display: Loaded TargetPlatform 'Linux'
[2022.10.20-20.29.38:560][  0]LogTargetPlatformManager: Display: Loaded TargetPlatform 'LinuxNoEditor'
[2022.10.20-20.29.38:572][  0]LogTargetPlatformManager: Display: Loaded TargetPlatform 'LinuxClient'
[2022.10.20-20.29.38:583][  0]LogTargetPlatformManager: Display: Loaded TargetPlatform 'LinuxServer'
[2022.10.20-20.29.38:606][  0]LogTargetPlatformManager: Display: Loaded TargetPlatform 'LinuxAArch64NoEditor'
[2022.10.20-20.29.38:619][  0]LogTargetPlatformManager: Display: Loaded TargetPlatform 'LinuxAArch64Client'
[2022.10.20-20.29.38:635][  0]LogTargetPlatformManager: Display: Loaded TargetPlatform 'LinuxAArch64Server'
[2022.10.20-20.29.38:691][  0]LogTargetPlatformManager: Display: Loaded TargetPlatform 'Lumin'
[2022.10.20-20.29.38:691][  0]LogTargetPlatformManager: Display: Loaded TargetPlatform 'LuminClient'
[2022.10.20-20.29.38:712][  0]LogTargetPlatformManager: Display: Loaded TargetPlatform 'MacNoEditor'
[2022.10.20-20.29.38:726][  0]LogTargetPlatformManager: Display: Loaded TargetPlatform 'Mac'
[2022.10.20-20.29.38:738][  0]LogTargetPlatformManager: Display: Loaded TargetPlatform 'MacClient'
[2022.10.20-20.29.38:748][  0]LogTargetPlatformManager: Display: Loaded TargetPlatform 'MacServer'
[2022.10.20-20.29.38:770][  0]LogTargetPlatformManager: Display: Loaded TargetPlatform 'TVOSClient'
[2022.10.20-20.29.38:770][  0]LogTargetPlatformManager: Display: Loaded TargetPlatform 'TVOS'
[2022.10.20-20.29.38:789][  0]LogTargetPlatformManager: Display: Loaded TargetPlatform 'WindowsNoEditor'
[2022.10.20-20.29.38:802][  0]LogTargetPlatformManager: Display: Loaded TargetPlatform 'Windows'
[2022.10.20-20.29.38:815][  0]LogTargetPlatformManager: Display: Loaded TargetPlatform 'WindowsClient'
[2022.10.20-20.29.38:828][  0]LogTargetPlatformManager: Display: Loaded TargetPlatform 'WindowsServer'
[2022.10.20-20.29.38:828][  0]LogTargetPlatformManager: Display: Building Assets For Windows
[2022.10.20-20.29.38:859][  0]LogAudioDebug: Display: Lib vorbis DLL was dynamically loaded.
[2022.10.20-20.29.38:962][  0]LogTextureFormatOodle: Display: Oodle Texture 2.9.0 init RDO Off
[2022.10.20-20.29.39:064][  0]LogRendererCore: Ray tracing is disabled. Reason: r.RayTracing=0.
[2022.10.20-20.29.39:064][  0]LogShaderCompilers: Guid format shader working directory is -38 characters bigger than the processId version (../../../../../../Users/maxgr/OneDrive/Documents/Unreal Projects/ScriptingMidterm22/Intermediate/Shaders/WorkingDirectory/23524/).
[2022.10.20-20.29.39:064][  0]LogShaderCompilers: Cleaned the shader compiler working directory 'C:/Users/maxgr/AppData/Local/Temp/UnrealShaderWorkingDir/BECE1EF04DF677DABAD978BDE4F97DB6/'.
[2022.10.20-20.29.39:064][  0]LogXGEController: Cannot use XGE Controller as Incredibuild is not installed on this machine.
[2022.10.20-20.29.39:065][  0]LogShaderCompilers: Cannot use XGE Shader Compiler as Incredibuild is not installed on this machine.
[2022.10.20-20.29.39:065][  0]LogShaderCompilers: Display: Using Local Shader Compiler.
[2022.10.20-20.29.40:406][  0]LogDerivedDataCache: Display: Max Cache Size: 512 MB
[2022.10.20-20.29.40:523][  0]LogDerivedDataCache: Loaded boot cache 0.12s 94MB C:/Users/maxgr/AppData/Local/UnrealEngine/4.27/DerivedDataCache/Boot.ddc.
[2022.10.20-20.29.40:523][  0]LogDerivedDataCache: Display: Loaded Boot cache: C:/Users/maxgr/AppData/Local/UnrealEngine/4.27/DerivedDataCache/Boot.ddc
[2022.10.20-20.29.40:523][  0]LogDerivedDataCache: FDerivedDataBackendGraph:  Pak pak cache file ../../../../../../Users/maxgr/OneDrive/Documents/Unreal Projects/ScriptingMidterm22/DerivedDataCache/DDC.ddp not found, will not use a pak cache.
[2022.10.20-20.29.40:524][  0]LogDerivedDataCache: Unable to find inner node Pak for hierarchical cache Hierarchy.
[2022.10.20-20.29.40:524][  0]LogDerivedDataCache: FDerivedDataBackendGraph:  CompressedPak pak cache file ../../../../../../Users/maxgr/OneDrive/Documents/Unreal Projects/ScriptingMidterm22/DerivedDataCache/Compressed.ddp not found, will not use a pak cache.
[2022.10.20-20.29.40:524][  0]LogDerivedDataCache: Unable to find inner node CompressedPak for hierarchical cache Hierarchy.
[2022.10.20-20.29.40:559][  0]LogDerivedDataCache: Display: Pak cache opened for reading ../../../Engine/DerivedDataCache/Compressed.ddp.
[2022.10.20-20.29.40:560][  0]LogDerivedDataCache: FDerivedDataBackendGraph:  EnterprisePak pak cache file ../../../Enterprise/DerivedDataCache/Compressed.ddp not found, will not use a pak cache.
[2022.10.20-20.29.40:560][  0]LogDerivedDataCache: Unable to find inner node EnterprisePak for hierarchical cache Hierarchy.
[2022.10.20-20.29.40:586][  0]LogDerivedDataCache: Speed tests for C:/Users/maxgr/AppData/Local/UnrealEngine/Common/DerivedDataCache took 0.03 seconds
[2022.10.20-20.29.40:586][  0]LogDerivedDataCache: Display: Performance to C:/Users/maxgr/AppData/Local/UnrealEngine/Common/DerivedDataCache: Latency=0.17ms. RandomReadSpeed=116.48MBs, RandomWriteSpeed=57.05MBs. Assigned SpeedClass 'Local'
[2022.10.20-20.29.40:587][  0]LogDerivedDataCache: Using Local data cache path C:/Users/maxgr/AppData/Local/UnrealEngine/Common/DerivedDataCache: Writable
[2022.10.20-20.29.40:588][  0]LogDerivedDataCache: Shared data cache path not found in *engine.ini, will not use an Shared cache.
[2022.10.20-20.29.40:588][  0]LogDerivedDataCache: Unable to find inner node Shared for hierarchical cache Hierarchy.
[2022.10.20-20.29.40:667][  0]LogSlate: Using FreeType 2.10.0
[2022.10.20-20.29.40:670][  0]LogSlate: SlateFontServices - WITH_FREETYPE: 1, WITH_HARFBUZZ: 1
[2022.10.20-20.29.40:713][  0]LogAssetRegistry: FAssetRegistry took 0.0050 seconds to start up
[2022.10.20-20.29.41:141][  0]LogInit: Selected Device Profile: [Windows]
[2022.10.20-20.29.41:141][  0]LogInit: Active device profile: [00000233ED487100][00000233E5CF6180 49] Windows
[2022.10.20-20.29.41:141][  0]LogInit: Profiles: [00000233ED487100][00000233E5CF6180 49] Windows, [00000233ED451100][00000233E5CFE300 49] WindowsNoEditor, [00000233ED485100][00000233E5D02480 49] WindowsServer, [00000233ED452900][00000233E5D06600 49] WindowsClient, [00000233ED486800][00000233E5D0A780 49] IOS, [00000233ED451A00][00000233E5D0E900 49] iPadAir, [00000233ED485900][00000233E5CFAA40 49] iPadAir2, [00000233ED3EF800][00000233ECB90C80 49] IPadPro, [00000233ED3EF900][00000233ECB8CCC0 49] iPadAir3, [00000233ED486200][00000233ECB98E40 49] iPadAir4, [00000233ED3ED600][00000233ECB9CFC0 49] iPadMini2, [00000233ED487700][00000233ECBA1140 49] iPadMini3, [00000233ED3EE300][00000233ECBA52C0 49] iPadMini4, [00000233ED485400][00000233ECBA9440 49] iPadMini5, [00000233ED443100][00000233ECBB1700 49] iPhone6, [00000233ED443200][00000233ECBAD740 49] iPodTouch6, [00000233ED3EC600][00000233ECBB9A00 49] iPhone7, [00000233ED3EC500][00000233ECBB5A40 49] iPodTouch7, [00000233ED441500][00000233ECBBDBC0 49] iPhone5S, [00000233ED3EDF00][00000233ECBC01C0 49] iPhone6Plus, [00000233ED442400][00000233ECBC4340 49] iPhone6S, [00000233ED3ED300][00000233ECBC84C0 49] iPhone6SPlus, [00000233ED443700][00000233ECBCC640 49] iPhone7Plus, [00000233ED3ED800][00000233ECBD07C0 49] iPhoneSE, [00000233ED440E00][00000233ECBD4940 49] iPhone8, [00000233ED3ED000][00000233ECBD8AC0 49] iPhone8Plus, [00000233ED442100][00000233ECB94C00 49] iPhoneX, [00000233ED3EE900][00000233ECBDCD40 49] iPhoneXS, [00000233ED443800][00000233ECBE0E80 49] iPhoneXSMax, [00000233ED3EC400][00000233ECBE4FC0 49] iPhoneXR, [00000233ED441000][00000233ECBED140 49] iPhone11, [00000233ED3EDD00][00000233ECBF12C0 49] iPhone11Pro, [00000233ED441800][00000233ECBF5440 49] iPhone11ProMax, [00000233ED3EE000][00000233ECBF95C0 49] iPhoneSE2, [00000233ED441700][00000233ECBFD740 49] iPhone12Mini, [00000233ED3ED900][00000233EDC118C0 49] iPhone12, [00000233ED443900][00000233EDC15A40 49] iPhone12Pro, [00000233ED3ED700][00000233EDC19BC0 49] iPhone12ProMax, [00000233ED441600][00000233EDC1C1C0 49] iPadPro105, [00000233ED3EDA00][00000233EDC20340 49] iPadPro129, [00000233ED440700][00000233EDC244C0 49] iPadPro97, [00000233ED3EFF00][00000233EDC28640 49] iPadPro2_129, [00000233ED442D00][00000233EDC2C7C0 49] iPad5, [00000233ED3EC100][00000233EDC30940 49] iPad6, [00000233ED440500][00000233EDC34AC0 49] iPad7, [00000233ED3EEC00][00000233EDC38C40 49] iPad8, [00000233ED442700][00000233ECBE8D80 49] iPadPro11, [00000233ED3EF300][00000233EDC3CEC0 49] iPadPro2_11, [00000233ED440200][00000233EDC41000 49] iPadPro3_129, [00000233ED3ECD00][00000233EDC45140 49] iPadPro4_129, [00000233ED442B00][00000233EDC4D2C0 49] AppleTV, [00000233ED3EFB00][00000233EDC51440 49] AppleTV4K, [00000233ED443B00][00000233EDC555C0 49] TVOS, [00000233ED3ECB00][00000233EDC59740 49] Mac, [00000233ED440D00][00000233EDC5D8C0 49] MacClient, [00000233ED3EE600][00000233EDC65A40 49] MacNoEditor, [00000233ED4E1A00][00000233EDC69BC0 49] MacServer, [00000233ED450600][00000233EDC6C1C0 49] Linux, [00000233ED4E2100][00000233EDC70340 49] LinuxAArch64, [00000233ED452500][00000233EDC744C0 49] LinuxNoEditor, [00000233ED4E1E00][00000233EDC78640 49] LinuxAArch64NoEditor, [00000233ED452B00][00000233EDC7C7C0 49] LinuxClient, [00000233ED4E1D00][00000233EDC80940 49] LinuxAArch64Client, [00000233ED450500][00000233EDC84AC0 49] LinuxServer, [00000233ED4E0C00][00000233EDC88C40 49] LinuxAArch64Server, [00000233ED450E00][00000233EDC8CDC0 49] Android, [00000233ED4E0E00][00000233EDC90F40 49] Android_Low, [00000233ED453500][00000233EDC49080 49] Android_Mid, [00000233ED4E1100][00000233EDC951C0 49] Android_High, [00000233ED452D00][00000233EDC99300 49] Android_Default, [00000233ED3EDE00][00000233EDCA1480 49] Android_Adreno4xx, [00000233ED441B00][00000233EDCA5600 49] Android_Adreno5xx_Low, [00000233ED3EEF00][00000233EDCA9780 49] Android_Adreno5xx, [00000233ED440600][00000233EDCAD900 49] Android_Adreno6xx, [00000233ED3EF200][00000233EDCB1A80 49] Android_Adreno6xx_Vulkan, [00000233ED440900][00000233EDCB5C00 49] Android_Mali_T6xx, [00000233ED3EEB00][00000233EDCB8200 49] Android_Mali_T7xx, [00000233ED442600][00000233EDCBC380 49] Android_Mali_T8xx, [00000233ED3EE800][00000233EDCC0500 49] Android_Mali_G71, [00000233ED442200][00000233EDCC4680 49] Android_Mali_G72, [00000233ED3EF700][00000233EDCC8800 49] Android_Mali_G72_Vulkan, [00000233ED441F00][00000233EDCCC980 49] Android_Mali_G76, [00000233ED3ED200][00000233EDCD0B00 49] Android_Mali_G76_Vulkan, [00000233ED440B00][00000233EDCD4C80 49] Android_Mali_G77, [00000233ED3EF600][00000233EDCD8E00 49] Android_Mali_G77_Vulkan, [00000233ED441100][00000233EDCDCF80 49] Android_Mali_G78, [00000233ED3EE200][00000233EDCE1100 49] Android_Mali_G78_Vulkan, [00000233ED4E1500][00000233EDC9D240 49] Android_Mali_G710, [00000233ED3EF100][00000233EDCE5380 49] Android_Mali_G710_Vulkan, [00000233ED4E1000][00000233EDCE94C0 49] Android_Vulkan_SM5, [00000233ED3EC700][00000233EDCF1640 49] Android_PowerVR_G6xxx, [00000233ED4E1700][00000233EDCF57C0 49] Android_PowerVR_GT7xxx, [00000233ED3EE100][00000233EDCF9940 49] Android_PowerVR_GE8xxx, [00000233ED4E0100][00000233EDCFDAC0 49] Android_PowerVR_GM9xxx, [00000233ED3EEA00][00000233EDD000C0 49] Android_PowerVR_GM9xxx_Vulkan, [00000233ED4E1F00][00000233EDD04240 49] Android_TegraK1, [00000233ED3ECA00][00000233EDD083C0 49] Android_Unknown_Vulkan, [00000233ED4E1800][00000233EDD0C540 49] Lumin, [00000233ED3EC900][00000233EDD106C0 49] Lumin_Desktop, [00000233ED4E0F00][00000233EDD14840 49] HoloLens, 
[2022.10.20-20.29.41:423][  0]LogMeshReduction: Using QuadricMeshReduction for automatic static mesh reduction
[2022.10.20-20.29.41:423][  0]LogMeshReduction: Using SimplygonMeshReduction for automatic skeletal mesh reduction
[2022.10.20-20.29.41:423][  0]LogMeshReduction: Using ProxyLODMeshReduction for automatic mesh merging
[2022.10.20-20.29.41:423][  0]LogMeshReduction: No distributed automatic mesh merging module available
[2022.10.20-20.29.41:423][  0]LogMeshMerging: No distributed automatic mesh merging module available
[2022.10.20-20.29.41:457][  0]LogNetVersion: ScriptingMidterm22 1.0.0, NetCL: 17155196, EngineNetVer: 17, GameNetVer: 0 (Checksum: 2068591311)
[2022.10.20-20.29.42:166][  0]LogTexture: Default maximum texture size for cubemaps generated from long-lat sources has been changed from 512 to unlimited. In order to preserve old behaiour for '/Engine/MapTemplates/Sky/DaylightAmbientCubemap.DaylightAmbientCubemap', its maximum texture size has been explicitly set to 512.
[2022.10.20-20.29.42:239][  0]LogHMD: PokeAHoleMaterial loaded successfully
[2022.10.20-20.29.42:247][  0]LogUObjectArray: 17178 objects as part of root set at end of initial load.
[2022.10.20-20.29.42:247][  0]LogUObjectAllocator: 4302048 out of 0 bytes used by permanent object pool.
[2022.10.20-20.29.42:247][  0]LogUObjectArray: CloseDisregardForGC: 0/0 objects in disregard for GC pool
[2022.10.20-20.29.42:861][  0]LogNiagaraDebuggerClient: Niagara Debugger Client Initialized | Session: 890F364D4C19E3EC22C602BBA027D0AD | Instance: E4E2DB3846EA70C33868AAA1B47CB8B6 (DESKTOP-5RGOS6D-23524).
[2022.10.20-20.29.42:948][  0]LogPython: Using Python 3.7.7
[2022.10.20-20.29.43:803][  0]LogUdpMessaging: Initializing bridge on interface 0.0.0.0:0 to multicast group 230.0.0.1:6666.
[2022.10.20-20.29.43:826][  0]LogTcpMessaging: Initializing TcpMessaging bridge
[2022.10.20-20.29.44:330][  0]SourceControl: Source control is disabled
[2022.10.20-20.29.44:330][  0]SourceControl: Source control is disabled
[2022.10.20-20.29.44:339][  0]SourceControl: Source control is disabled
[2022.10.20-20.29.44:347][  0]SourceControl: Source control is disabled
[2022.10.20-20.29.44:366][  0]SourceControl: Source control is disabled
[2022.10.20-20.29.44:383][  0]LogUProjectInfo: Found projects:
[2022.10.20-20.29.44:809][  0]LogOpenImageDenoise: OIDN starting up
[2022.10.20-20.29.44:926][  0]LogAndroidPermission: UAndroidPermissionCallbackProxy::GetInstance
[2022.10.20-20.29.44:989][  0]LogAudioCaptureCore: Display: No Audio Capture implementations found. Audio input will be silent.
[2022.10.20-20.29.44:989][  0]LogAudioCaptureCore: Display: No Audio Capture implementations found. Audio input will be silent.
[2022.10.20-20.29.45:281][  0]LogCollectionManager: Loaded 0 collections in 0.003039 seconds
[2022.10.20-20.29.45:353][  0]LogFileCache: Scanning file cache for directory 'C:/Users/maxgr/OneDrive/Documents/Unreal Projects/ScriptingMidterm22/Saved/Collections/' took 0.00s
[2022.10.20-20.29.45:353][  0]LogFileCache: Scanning file cache for directory 'C:/Users/maxgr/OneDrive/Documents/Unreal Projects/ScriptingMidterm22/Content/Developers/maxgr/Collections/' took 0.00s
[2022.10.20-20.29.45:353][  0]LogFileCache: Scanning file cache for directory 'C:/Users/maxgr/OneDrive/Documents/Unreal Projects/ScriptingMidterm22/Content/Collections/' took 0.00s
[2022.10.20-20.29.45:353][  0]LogOcInput: OculusInput pre-init called
[2022.10.20-20.29.45:797][  0]LogEngine: Initializing Engine...
[2022.10.20-20.29.45:814][  0]LogHMD: Failed to enumerate extensions. Please check that you have a valid OpenXR runtime installed.
[2022.10.20-20.29.45:815][  0]LogHMD: Failed to initialize OpenVR with code 110
[2022.10.20-20.29.45:816][  0]LogMagicLeap: Warning: VR disabled because ZI is not enabled.  To enable, in the editor, Edit -> Project Settings -> Plugins -> Magic Leap Plugin -> Enable Zero Iteration
[2022.10.20-20.29.45:822][  0]LogStats: UGameplayTagsManager::InitializeManager -  0.001 s
[2022.10.20-20.29.46:023][  0]LogInit: Initializing FReadOnlyCVARCache
[2022.10.20-20.29.46:081][  0]LogAIModule: Creating AISystem for world Untitled
[2022.10.20-20.29.46:093][  0]LogAudio: Display: Initializing Audio Device Manager...
[2022.10.20-20.29.46:101][  0]LogAudio: Display: Loading Default Audio Settings Objects...
[2022.10.20-20.29.46:103][  0]LogAudio: Display: No default SoundConcurrencyObject specified (or failed to load).
[2022.10.20-20.29.46:106][  0]LogAudio: Display: Audio Device Manager Initialized
[2022.10.20-20.29.46:106][  0]LogAudio: Display: Creating Audio Device:                 Id: 1, Scope: Shared, Realtime: True
[2022.10.20-20.29.46:107][  0]LogAudioMixer: Display: Audio Mixer Platform Settings:
[2022.10.20-20.29.46:107][  0]LogAudioMixer: Display: 	Sample Rate:						  48000
[2022.10.20-20.29.46:107][  0]LogAudioMixer: Display: 	Callback Buffer Frame Size Requested: 1024
[2022.10.20-20.29.46:107][  0]LogAudioMixer: Display: 	Callback Buffer Frame Size To Use:	  1024
[2022.10.20-20.29.46:107][  0]LogAudioMixer: Display: 	Number of buffers to queue:			  2
[2022.10.20-20.29.46:107][  0]LogAudioMixer: Display: 	Max Channels (voices):				  32
[2022.10.20-20.29.46:107][  0]LogAudioMixer: Display: 	Number of Async Source Workers:		  0
[2022.10.20-20.29.46:107][  0]LogAudio: Display: AudioDevice MaxSources: 32
[2022.10.20-20.29.46:110][  0]LogAudio: Display: Audio Spatialization Plugin: None (built-in).
[2022.10.20-20.29.46:110][  0]LogAudio: Display: Audio Reverb Plugin: None (built-in).
[2022.10.20-20.29.46:110][  0]LogAudio: Display: Audio Occlusion Plugin: None (built-in).
[2022.10.20-20.29.46:110][  0]LogAudioMixer: Display: Initializing audio mixer.
[2022.10.20-20.29.46:141][  0]LogAudioMixer: Display: 0: FrontLeft
[2022.10.20-20.29.46:141][  0]LogAudioMixer: Display: 1: FrontRight
[2022.10.20-20.29.46:887][  0]LogAudioMixer: Display: Using Audio Device Speakers (Realtek(R) Audio)
[2022.10.20-20.29.46:894][  0]LogAudioMixer: Display: Initializing Sound Submixes...
[2022.10.20-20.29.46:902][  0]LogAudioMixer: Display: Creating Master Submix 'MasterSubmixDefault'
[2022.10.20-20.29.46:903][  0]LogAudioMixer: Display: Creating Master Submix 'MasterReverbSubmixDefault'
[2022.10.20-20.29.46:905][  0]LogAudioMixer: Display: Creating Master Submix 'MasterEQSubmixDefault'
[2022.10.20-20.29.46:906][  0]LogAudioMixer: FMixerPlatformXAudio2::StartAudioStream() called
[2022.10.20-20.29.46:906][  0]LogAudioMixer: Display: Output buffers initialized: Frames=1024, Channels=2, Samples=2048
[2022.10.20-20.29.46:907][  0]LogAudioMixer: Display: Starting AudioMixerPlatformInterface::RunInternal()
[2022.10.20-20.29.46:907][  0]LogAudioMixer: Display: FMixerPlatformXAudio2::SubmitBuffer() called for the first time
[2022.10.20-20.29.46:907][  0]LogInit: FAudioDevice initialized.
[2022.10.20-20.29.46:909][  0]LogAudio: Display: Audio Device (ID: 1) registered with world 'Untitled'.
[2022.10.20-20.29.46:910][  0]LogNetVersion: Set ProjectVersion to 1.0.0.0. Version Checksum will be recalculated on next use.
[2022.10.20-20.29.47:046][  0]LogDerivedDataCache: Saved boot cache 0.14s 94MB C:/Users/maxgr/AppData/Local/UnrealEngine/4.27/DerivedDataCache/Boot.ddc.
[2022.10.20-20.29.47:047][  0]LogInit: Texture streaming: Enabled
[2022.10.20-20.29.47:079][  0]LogAnalytics: Display: [UEEditor.Rocket.Release] APIServer = https://datarouter.ol.epicgames.com/. AppVersion = 4.27.2-18319896+++UE4+Release-4.27
[2022.10.20-20.29.47:090][  0]LogEngineSessionManager: EngineSessionManager initialized
[2022.10.20-20.29.47:090][  0]LogEditorSessionSummary: Verbose: Initializing EditorSessionSummaryWriter for editor session tracking
[2022.10.20-20.29.47:096][  0]LogEditorSessionSummary: EditorSessionSummaryWriter initialized
[2022.10.20-20.29.47:162][  0]LogInit: Transaction tracking system initialized
[2022.10.20-20.29.47:236][  0]BlueprintLog: New page: Editor Load
[2022.10.20-20.29.47:423][  0]LocalizationService: Localization service is disabled
[2022.10.20-20.29.47:505][  0]TimingProfiler: Initialize
[2022.10.20-20.29.47:507][  0]TimingProfiler: OnSessionChanged
[2022.10.20-20.29.47:507][  0]LoadingProfiler: Initialize
[2022.10.20-20.29.47:507][  0]LoadingProfiler: OnSessionChanged
[2022.10.20-20.29.47:508][  0]NetworkingProfiler: Initialize
[2022.10.20-20.29.47:508][  0]NetworkingProfiler: OnSessionChanged
[2022.10.20-20.29.47:508][  0]MemoryProfiler: Initialize
[2022.10.20-20.29.47:508][  0]MemoryProfiler: OnSessionChanged
[2022.10.20-20.29.47:835][  0]LogCook: Display: CookSettings for Memory: MemoryMaxUsedVirtual 0MiB, MemoryMaxUsedPhysical 16384MiB, MemoryMinFreeVirtual 0MiB, MemoryMinFreePhysical 1024MiB
[2022.10.20-20.29.47:836][  0]LogCook: Display: Mobile HDR setting 1
[2022.10.20-20.29.48:007][  0]LogFileCache: Scanning file cache for directory 'C:/Users/maxgr/OneDrive/Documents/Unreal Projects/ScriptingMidterm22/Content/' took 0.01s
[2022.10.20-20.29.48:539][  0]LogInit: Display: Engine is initialized. Leaving FEngineLoop::Init()
[2022.10.20-20.29.48:555][  0]SourceControl: Source control is disabled
[2022.10.20-20.29.48:712][  0]LogSlate: Took 0.000844 seconds to synchronously load lazily loaded font '../../../Engine/Content/Slate/Fonts/Roboto-Regular.ttf' (155K)
[2022.10.20-20.29.52:335][  0]LogSlate: Window 'Restore Packages' being destroyed
[2022.10.20-20.29.52:338][  0]LogWindowsTextInputMethodSystem: Display: IME system deactivated.
[2022.10.20-20.29.52:386][  0]LogWindowsTextInputMethodSystem: Display: IME system deactivated.
[2022.10.20-20.29.53:923][  0]LogSlate: Window 'Unable to Check Out From Source Control!' being destroyed
[2022.10.20-20.29.53:924][  0]LogWindowsTextInputMethodSystem: Display: IME system deactivated.
[2022.10.20-20.29.53:936][  0]Message dialog closed, result: Ok, title: Unable to Check Out From Source Control!, text: The following assets could not be successfully checked out from source control:
/Game/Level1
[2022.10.20-20.29.53:960][  0]LogUnrealEdMisc: Loading editor; pre map load, took 20.585
[2022.10.20-20.29.53:964][  0]Cmd: MAP LOAD FILE="../../../../../../Users/maxgr/OneDrive/Documents/Unreal Projects/ScriptingMidterm22/Content/StarterContent/Maps/Minimal_Default.umap" TEMPLATE=0 SHOWPROGRESS=1 FEATURELEVEL=3
[2022.10.20-20.29.53:969][  0]LightingResults: New page: Lighting Build
[2022.10.20-20.29.53:988][  0]LogWorld: UWorld::CleanupWorld for Untitled, bSessionEnded=true, bCleanupResources=true
[2022.10.20-20.29.53:993][  0]LogSlate: InvalidateAllWidgets triggered.  All widgets were invalidated
[2022.10.20-20.29.53:999][  0]MapCheck: New page: Map Check
[2022.10.20-20.29.54:000][  0]LightingResults: New page: Lighting Build
[2022.10.20-20.29.54:024][  0]LogAudio: Display: Audio Device unregistered from world 'None'.
[2022.10.20-20.29.54:054][  0]LogUObjectHash: Compacting FUObjectHashTables data took   1.84ms
[2022.10.20-20.29.54:245][  0]LogStaticMesh: Building static mesh Floor_400x400...
[2022.10.20-20.29.54:256][  0]LogStaticMesh: Built static mesh [0.01s] /Game/StarterContent/Architecture/Floor_400x400.Floor_400x400
[2022.10.20-20.29.54:368][  0]LogTexture: Display: Building textures: DeprecatedTextureD6C57B644F03DADF4F2699848FAEA3C3 (BGRA8, 128X128)
[2022.10.20-20.29.54:376][  0]LogTexture: Display: Building textures: DeprecatedTexture8D91C9AE4C6B8D628CDA3C848426284A (BGRA8, 128X128)
[2022.10.20-20.29.54:407][  0]LogAudio: Display: Audio Device (ID: 1) registered with world 'Minimal_Default'.
[2022.10.20-20.29.54:408][  0]LogAIModule: Creating AISystem for world Minimal_Default
[2022.10.20-20.29.54:466][  0]LogEditorServer: Finished looking for orphan Actors (0.000 secs)
[2022.10.20-20.29.54:484][  0]LogUObjectHash: Compacting FUObjectHashTables data took   1.32ms
[2022.10.20-20.29.54:487][  0]Cmd: MAP CHECKDEP NOCLEARLOG
[2022.10.20-20.29.54:488][  0]MapCheck: Map check complete: 0 Error(s), 0 Warning(s), took 0.635ms to complete.
[2022.10.20-20.29.54:488][  0]LogFileHelpers: Loading map 'Minimal_Default' took 0.526
[2022.10.20-20.29.54:551][  0]LogUnrealEdMisc: Total Editor Startup Time, took 21.176
[2022.10.20-20.29.54:584][  0]LogWindowsTextInputMethodSystem: Display: IME system deactivated.
[2022.10.20-20.29.54:724][  0]LogSlate: Updating window title bar state: overlay mode, drag disabled, window buttons hidden, title bar hidden
[2022.10.20-20.29.54:735][  0]LogSlate: Updating window title bar state: overlay mode, drag disabled, window buttons hidden, title bar hidden
[2022.10.20-20.29.54:747][  0]LogSlate: Updating window title bar state: overlay mode, drag disabled, window buttons hidden, title bar hidden
[2022.10.20-20.29.54:758][  0]LogSlate: Updating window title bar state: overlay mode, drag disabled, window buttons hidden, title bar hidden
[2022.10.20-20.29.54:817][  0]LogNativeClassHierarchy: Verbose: Native class hierarchy populated in 0.0165 seconds. Added 3822 classes and 928 folders.
[2022.10.20-20.29.54:830][  0]LogNativeClassHierarchy: Verbose: Native class hierarchy updated for 'WidgetCarousel' in 0.0005 seconds. Added 0 classes and 0 folders.
[2022.10.20-20.29.54:841][  0]LogPakFile: PakFile PrimaryIndexSize=187
[2022.10.20-20.29.54:841][  0]LogPakFile: PakFile PathHashIndexSize=101
[2022.10.20-20.29.54:841][  0]LogPakFile: PakFile FullDirectoryIndexSize=148
[2022.10.20-20.29.54:843][  0]LogShaderLibrary: Display: ShaderCodeLibraryPakFileMountedCallback: PakFile 'C:/Program Files/Epic Games/UE_4.27/FeaturePacks/FP_FirstPerson.upack' (chunk index -1, root 'root:/') mounted
[2022.10.20-20.29.54:843][  0]LogShaderLibrary: Display: ShaderCodeLibraryPakFileMountedCallback: pending pak file info (ChunkID:-1 Root:root:/ File:C:/Program Files/Epic Games/UE_4.27/FeaturePacks/FP_FirstPerson.upack)
[2022.10.20-20.29.54:843][  0]LogPakFile: OnPakFileMounted2Time == 0.001608
[2022.10.20-20.29.54:849][  0]LogPakFile: PakFile PrimaryIndexSize=189
[2022.10.20-20.29.54:849][  0]LogPakFile: PakFile PathHashIndexSize=101
[2022.10.20-20.29.54:849][  0]LogPakFile: PakFile FullDirectoryIndexSize=152
[2022.10.20-20.29.54:849][  0]LogShaderLibrary: Display: ShaderCodeLibraryPakFileMountedCallback: PakFile 'C:/Program Files/Epic Games/UE_4.27/FeaturePacks/FP_FirstPersonBP.upack' (chunk index -1, root 'root:/') mounted
[2022.10.20-20.29.54:849][  0]LogShaderLibrary: Display: ShaderCodeLibraryPakFileMountedCallback: pending pak file info (ChunkID:-1 Root:root:/ File:C:/Program Files/Epic Games/UE_4.27/FeaturePacks/FP_FirstPersonBP.upack)
[2022.10.20-20.29.54:849][  0]LogPakFile: OnPakFileMounted2Time == 0.000374
[2022.10.20-20.29.54:852][  0]LogPakFile: PakFile PrimaryIndexSize=191
[2022.10.20-20.29.54:852][  0]LogPakFile: PakFile PathHashIndexSize=101
[2022.10.20-20.29.54:852][  0]LogPakFile: PakFile FullDirectoryIndexSize=160
[2022.10.20-20.29.54:852][  0]LogShaderLibrary: Display: ShaderCodeLibraryPakFileMountedCallback: PakFile 'C:/Program Files/Epic Games/UE_4.27/FeaturePacks/MobileStarterContent.upack' (chunk index -1, root 'root:/') mounted
[2022.10.20-20.29.54:852][  0]LogShaderLibrary: Display: ShaderCodeLibraryPakFileMountedCallback: pending pak file info (ChunkID:-1 Root:root:/ File:C:/Program Files/Epic Games/UE_4.27/FeaturePacks/MobileStarterContent.upack)
[2022.10.20-20.29.54:852][  0]LogPakFile: OnPakFileMounted2Time == 0.000079
[2022.10.20-20.29.54:855][  0]LogPakFile: PakFile PrimaryIndexSize=185
[2022.10.20-20.29.54:855][  0]LogPakFile: PakFile PathHashIndexSize=101
[2022.10.20-20.29.54:855][  0]LogPakFile: PakFile FullDirectoryIndexSize=148
[2022.10.20-20.29.54:855][  0]LogShaderLibrary: Display: ShaderCodeLibraryPakFileMountedCallback: PakFile 'C:/Program Files/Epic Games/UE_4.27/FeaturePacks/StarterContent.upack' (chunk index -1, root 'root:/') mounted
[2022.10.20-20.29.54:855][  0]LogShaderLibrary: Display: ShaderCodeLibraryPakFileMountedCallback: pending pak file info (ChunkID:-1 Root:root:/ File:C:/Program Files/Epic Games/UE_4.27/FeaturePacks/StarterContent.upack)
[2022.10.20-20.29.54:855][  0]LogPakFile: OnPakFileMounted2Time == 0.000066
[2022.10.20-20.29.54:857][  0]LogPakFile: PakFile PrimaryIndexSize=190
[2022.10.20-20.29.54:857][  0]LogPakFile: PakFile PathHashIndexSize=101
[2022.10.20-20.29.54:857][  0]LogPakFile: PakFile FullDirectoryIndexSize=154
[2022.10.20-20.29.54:857][  0]LogShaderLibrary: Display: ShaderCodeLibraryPakFileMountedCallback: PakFile 'C:/Program Files/Epic Games/UE_4.27/FeaturePacks/TP_2DSideScroller.upack' (chunk index -1, root 'root:/') mounted
[2022.10.20-20.29.54:857][  0]LogShaderLibrary: Display: ShaderCodeLibraryPakFileMountedCallback: pending pak file info (ChunkID:-1 Root:root:/ File:C:/Program Files/Epic Games/UE_4.27/FeaturePacks/TP_2DSideScroller.upack)
[2022.10.20-20.29.54:857][  0]LogPakFile: OnPakFileMounted2Time == 0.000058
[2022.10.20-20.29.54:860][  0]LogPakFile: PakFile PrimaryIndexSize=192
[2022.10.20-20.29.54:860][  0]LogPakFile: PakFile PathHashIndexSize=101
[2022.10.20-20.29.54:860][  0]LogPakFile: PakFile FullDirectoryIndexSize=158
[2022.10.20-20.29.54:860][  0]LogShaderLibrary: Display: ShaderCodeLibraryPakFileMountedCallback: PakFile 'C:/Program Files/Epic Games/UE_4.27/FeaturePacks/TP_2DSideScrollerBP.upack' (chunk index -1, root 'root:/') mounted
[2022.10.20-20.29.54:860][  0]LogShaderLibrary: Display: ShaderCodeLibraryPakFileMountedCallback: pending pak file info (ChunkID:-1 Root:root:/ File:C:/Program Files/Epic Games/UE_4.27/FeaturePacks/TP_2DSideScrollerBP.upack)
[2022.10.20-20.29.54:860][  0]LogPakFile: OnPakFileMounted2Time == 0.000081
[2022.10.20-20.29.54:863][  0]LogPakFile: PakFile PrimaryIndexSize=182
[2022.10.20-20.29.54:863][  0]LogPakFile: PakFile PathHashIndexSize=101
[2022.10.20-20.29.54:863][  0]LogPakFile: PakFile FullDirectoryIndexSize=138
[2022.10.20-20.29.54:863][  0]LogShaderLibrary: Display: ShaderCodeLibraryPakFileMountedCallback: PakFile 'C:/Program Files/Epic Games/UE_4.27/FeaturePacks/TP_Flying.upack' (chunk index -1, root 'root:/') mounted
[2022.10.20-20.29.54:863][  0]LogShaderLibrary: Display: ShaderCodeLibraryPakFileMountedCallback: pending pak file info (ChunkID:-1 Root:root:/ File:C:/Program Files/Epic Games/UE_4.27/FeaturePacks/TP_Flying.upack)
[2022.10.20-20.29.54:863][  0]LogPakFile: OnPakFileMounted2Time == 0.000057
[2022.10.20-20.29.54:866][  0]LogPakFile: PakFile PrimaryIndexSize=184
[2022.10.20-20.29.54:866][  0]LogPakFile: PakFile PathHashIndexSize=101
[2022.10.20-20.29.54:866][  0]LogPakFile: PakFile FullDirectoryIndexSize=142
[2022.10.20-20.29.54:866][  0]LogShaderLibrary: Display: ShaderCodeLibraryPakFileMountedCallback: PakFile 'C:/Program Files/Epic Games/UE_4.27/FeaturePacks/TP_FlyingBP.upack' (chunk index -1, root 'root:/') mounted
[2022.10.20-20.29.54:866][  0]LogShaderLibrary: Display: ShaderCodeLibraryPakFileMountedCallback: pending pak file info (ChunkID:-1 Root:root:/ File:C:/Program Files/Epic Games/UE_4.27/FeaturePacks/TP_FlyingBP.upack)
[2022.10.20-20.29.54:866][  0]LogPakFile: OnPakFileMounted2Time == 0.000055
[2022.10.20-20.29.54:868][  0]LogPakFile: PakFile PrimaryIndexSize=188
[2022.10.20-20.29.54:868][  0]LogPakFile: PakFile PathHashIndexSize=101
[2022.10.20-20.29.54:868][  0]LogPakFile: PakFile FullDirectoryIndexSize=150
[2022.10.20-20.29.54:868][  0]LogShaderLibrary: Display: ShaderCodeLibraryPakFileMountedCallback: PakFile 'C:/Program Files/Epic Games/UE_4.27/FeaturePacks/TP_HandheldARBP.upack' (chunk index -1, root 'root:/') mounted
[2022.10.20-20.29.54:868][  0]LogShaderLibrary: Display: ShaderCodeLibraryPakFileMountedCallback: pending pak file info (ChunkID:-1 Root:root:/ File:C:/Program Files/Epic Games/UE_4.27/FeaturePacks/TP_HandheldARBP.upack)
[2022.10.20-20.29.54:868][  0]LogPakFile: OnPakFileMounted2Time == 0.000085
[2022.10.20-20.29.54:872][  0]LogPakFile: PakFile PrimaryIndexSize=182
[2022.10.20-20.29.54:872][  0]LogPakFile: PakFile PathHashIndexSize=101
[2022.10.20-20.29.54:872][  0]LogPakFile: PakFile FullDirectoryIndexSize=138
[2022.10.20-20.29.54:872][  0]LogShaderLibrary: Display: ShaderCodeLibraryPakFileMountedCallback: PakFile 'C:/Program Files/Epic Games/UE_4.27/FeaturePacks/TP_Puzzle.upack' (chunk index -1, root 'root:/') mounted
[2022.10.20-20.29.54:872][  0]LogShaderLibrary: Display: ShaderCodeLibraryPakFileMountedCallback: pending pak file info (ChunkID:-1 Root:root:/ File:C:/Program Files/Epic Games/UE_4.27/FeaturePacks/TP_Puzzle.upack)
[2022.10.20-20.29.54:872][  0]LogPakFile: OnPakFileMounted2Time == 0.000064
[2022.10.20-20.29.54:875][  0]LogPakFile: PakFile PrimaryIndexSize=184
[2022.10.20-20.29.54:875][  0]LogPakFile: PakFile PathHashIndexSize=101
[2022.10.20-20.29.54:875][  0]LogPakFile: PakFile FullDirectoryIndexSize=142
[2022.10.20-20.29.54:875][  0]LogShaderLibrary: Display: ShaderCodeLibraryPakFileMountedCallback: PakFile 'C:/Program Files/Epic Games/UE_4.27/FeaturePacks/TP_PuzzleBP.upack' (chunk index -1, root 'root:/') mounted
[2022.10.20-20.29.54:875][  0]LogShaderLibrary: Display: ShaderCodeLibraryPakFileMountedCallback: pending pak file info (ChunkID:-1 Root:root:/ File:C:/Program Files/Epic Games/UE_4.27/FeaturePacks/TP_PuzzleBP.upack)
[2022.10.20-20.29.54:875][  0]LogPakFile: OnPakFileMounted2Time == 0.000076
[2022.10.20-20.29.54:878][  0]LogPakFile: PakFile PrimaryIndexSize=183
[2022.10.20-20.29.54:878][  0]LogPakFile: PakFile PathHashIndexSize=101
[2022.10.20-20.29.54:878][  0]LogPakFile: PakFile FullDirectoryIndexSize=140
[2022.10.20-20.29.54:878][  0]LogShaderLibrary: Display: ShaderCodeLibraryPakFileMountedCallback: PakFile 'C:/Program Files/Epic Games/UE_4.27/FeaturePacks/TP_Rolling.upack' (chunk index -1, root 'root:/') mounted
[2022.10.20-20.29.54:878][  0]LogShaderLibrary: Display: ShaderCodeLibraryPakFileMountedCallback: pending pak file info (ChunkID:-1 Root:root:/ File:C:/Program Files/Epic Games/UE_4.27/FeaturePacks/TP_Rolling.upack)
[2022.10.20-20.29.54:878][  0]LogPakFile: OnPakFileMounted2Time == 0.000056
[2022.10.20-20.29.54:880][  0]LogPakFile: PakFile PrimaryIndexSize=185
[2022.10.20-20.29.54:881][  0]LogPakFile: PakFile PathHashIndexSize=101
[2022.10.20-20.29.54:881][  0]LogPakFile: PakFile FullDirectoryIndexSize=144
[2022.10.20-20.29.54:881][  0]LogShaderLibrary: Display: ShaderCodeLibraryPakFileMountedCallback: PakFile 'C:/Program Files/Epic Games/UE_4.27/FeaturePacks/TP_RollingBP.upack' (chunk index -1, root 'root:/') mounted
[2022.10.20-20.29.54:881][  0]LogShaderLibrary: Display: ShaderCodeLibraryPakFileMountedCallback: pending pak file info (ChunkID:-1 Root:root:/ File:C:/Program Files/Epic Games/UE_4.27/FeaturePacks/TP_RollingBP.upack)
[2022.10.20-20.29.54:881][  0]LogPakFile: OnPakFileMounted2Time == 0.000063
[2022.10.20-20.29.54:883][  0]LogPakFile: PakFile PrimaryIndexSize=188
[2022.10.20-20.29.54:883][  0]LogPakFile: PakFile PathHashIndexSize=101
[2022.10.20-20.29.54:883][  0]LogPakFile: PakFile FullDirectoryIndexSize=150
[2022.10.20-20.29.54:883][  0]LogShaderLibrary: Display: ShaderCodeLibraryPakFileMountedCallback: PakFile 'C:/Program Files/Epic Games/UE_4.27/FeaturePacks/TP_SideScroller.upack' (chunk index -1, root 'root:/') mounted
[2022.10.20-20.29.54:884][  0]LogShaderLibrary: Display: ShaderCodeLibraryPakFileMountedCallback: pending pak file info (ChunkID:-1 Root:root:/ File:C:/Program Files/Epic Games/UE_4.27/FeaturePacks/TP_SideScroller.upack)
[2022.10.20-20.29.54:884][  0]LogPakFile: OnPakFileMounted2Time == 0.000115
[2022.10.20-20.29.54:886][  0]LogPakFile: PakFile PrimaryIndexSize=190
[2022.10.20-20.29.54:886][  0]LogPakFile: PakFile PathHashIndexSize=101
[2022.10.20-20.29.54:886][  0]LogPakFile: PakFile FullDirectoryIndexSize=154
[2022.10.20-20.29.54:886][  0]LogShaderLibrary: Display: ShaderCodeLibraryPakFileMountedCallback: PakFile 'C:/Program Files/Epic Games/UE_4.27/FeaturePacks/TP_SideScrollerBP.upack' (chunk index -1, root 'root:/') mounted
[2022.10.20-20.29.54:886][  0]LogShaderLibrary: Display: ShaderCodeLibraryPakFileMountedCallback: pending pak file info (ChunkID:-1 Root:root:/ File:C:/Program Files/Epic Games/UE_4.27/FeaturePacks/TP_SideScrollerBP.upack)
[2022.10.20-20.29.54:886][  0]LogPakFile: OnPakFileMounted2Time == 0.000062
[2022.10.20-20.29.54:889][  0]LogPakFile: PakFile PrimaryIndexSize=187
[2022.10.20-20.29.54:889][  0]LogPakFile: PakFile PathHashIndexSize=101
[2022.10.20-20.29.54:889][  0]LogPakFile: PakFile FullDirectoryIndexSize=148
[2022.10.20-20.29.54:889][  0]LogShaderLibrary: Display: ShaderCodeLibraryPakFileMountedCallback: PakFile 'C:/Program Files/Epic Games/UE_4.27/FeaturePacks/TP_ThirdPerson.upack' (chunk index -1, root 'root:/') mounted
[2022.10.20-20.29.54:889][  0]LogShaderLibrary: Display: ShaderCodeLibraryPakFileMountedCallback: pending pak file info (ChunkID:-1 Root:root:/ File:C:/Program Files/Epic Games/UE_4.27/FeaturePacks/TP_ThirdPerson.upack)
[2022.10.20-20.29.54:889][  0]LogPakFile: OnPakFileMounted2Time == 0.000056
[2022.10.20-20.29.54:891][  0]LogPakFile: PakFile PrimaryIndexSize=189
[2022.10.20-20.29.54:891][  0]LogPakFile: PakFile PathHashIndexSize=101
[2022.10.20-20.29.54:891][  0]LogPakFile: PakFile FullDirectoryIndexSize=152
[2022.10.20-20.29.54:891][  0]LogShaderLibrary: Display: ShaderCodeLibraryPakFileMountedCallback: PakFile 'C:/Program Files/Epic Games/UE_4.27/FeaturePacks/TP_ThirdPersonBP.upack' (chunk index -1, root 'root:/') mounted
[2022.10.20-20.29.54:891][  0]LogShaderLibrary: Display: ShaderCodeLibraryPakFileMountedCallback: pending pak file info (ChunkID:-1 Root:root:/ File:C:/Program Files/Epic Games/UE_4.27/FeaturePacks/TP_ThirdPersonBP.upack)
[2022.10.20-20.29.54:891][  0]LogPakFile: OnPakFileMounted2Time == 0.000084
[2022.10.20-20.29.54:894][  0]LogPakFile: PakFile PrimaryIndexSize=183
[2022.10.20-20.29.54:894][  0]LogPakFile: PakFile PathHashIndexSize=101
[2022.10.20-20.29.54:894][  0]LogPakFile: PakFile FullDirectoryIndexSize=140
[2022.10.20-20.29.54:894][  0]LogShaderLibrary: Display: ShaderCodeLibraryPakFileMountedCallback: PakFile 'C:/Program Files/Epic Games/UE_4.27/FeaturePacks/TP_TopDown.upack' (chunk index -1, root 'root:/') mounted
[2022.10.20-20.29.54:894][  0]LogShaderLibrary: Display: ShaderCodeLibraryPakFileMountedCallback: pending pak file info (ChunkID:-1 Root:root:/ File:C:/Program Files/Epic Games/UE_4.27/FeaturePacks/TP_TopDown.upack)
[2022.10.20-20.29.54:894][  0]LogPakFile: OnPakFileMounted2Time == 0.000072
[2022.10.20-20.29.54:897][  0]LogPakFile: PakFile PrimaryIndexSize=185
[2022.10.20-20.29.54:897][  0]LogPakFile: PakFile PathHashIndexSize=101
[2022.10.20-20.29.54:897][  0]LogPakFile: PakFile FullDirectoryIndexSize=144
[2022.10.20-20.29.54:897][  0]LogShaderLibrary: Display: ShaderCodeLibraryPakFileMountedCallback: PakFile 'C:/Program Files/Epic Games/UE_4.27/FeaturePacks/TP_TopDownBP.upack' (chunk index -1, root 'root:/') mounted
[2022.10.20-20.29.54:897][  0]LogShaderLibrary: Display: ShaderCodeLibraryPakFileMountedCallback: pending pak file info (ChunkID:-1 Root:root:/ File:C:/Program Files/Epic Games/UE_4.27/FeaturePacks/TP_TopDownBP.upack)
[2022.10.20-20.29.54:897][  0]LogPakFile: OnPakFileMounted2Time == 0.000063
[2022.10.20-20.29.54:900][  0]LogPakFile: PakFile PrimaryIndexSize=185
[2022.10.20-20.29.54:900][  0]LogPakFile: PakFile PathHashIndexSize=101
[2022.10.20-20.29.54:900][  0]LogPakFile: PakFile FullDirectoryIndexSize=144
[2022.10.20-20.29.54:900][  0]LogShaderLibrary: Display: ShaderCodeLibraryPakFileMountedCallback: PakFile 'C:/Program Files/Epic Games/UE_4.27/FeaturePacks/TP_TwinStick.upack' (chunk index -1, root 'root:/') mounted
[2022.10.20-20.29.54:900][  0]LogShaderLibrary: Display: ShaderCodeLibraryPakFileMountedCallback: pending pak file info (ChunkID:-1 Root:root:/ File:C:/Program Files/Epic Games/UE_4.27/FeaturePacks/TP_TwinStick.upack)
[2022.10.20-20.29.54:900][  0]LogPakFile: OnPakFileMounted2Time == 0.000079
[2022.10.20-20.29.54:902][  0]LogPakFile: PakFile PrimaryIndexSize=187
[2022.10.20-20.29.54:902][  0]LogPakFile: PakFile PathHashIndexSize=101
[2022.10.20-20.29.54:902][  0]LogPakFile: PakFile FullDirectoryIndexSize=148
[2022.10.20-20.29.54:902][  0]LogShaderLibrary: Display: ShaderCodeLibraryPakFileMountedCallback: PakFile 'C:/Program Files/Epic Games/UE_4.27/FeaturePacks/TP_TwinStickBP.upack' (chunk index -1, root 'root:/') mounted
[2022.10.20-20.29.54:902][  0]LogShaderLibrary: Display: ShaderCodeLibraryPakFileMountedCallback: pending pak file info (ChunkID:-1 Root:root:/ File:C:/Program Files/Epic Games/UE_4.27/FeaturePacks/TP_TwinStickBP.upack)
[2022.10.20-20.29.54:902][  0]LogPakFile: OnPakFileMounted2Time == 0.000063
[2022.10.20-20.29.54:905][  0]LogPakFile: PakFile PrimaryIndexSize=183
[2022.10.20-20.29.54:905][  0]LogPakFile: PakFile PathHashIndexSize=101
[2022.10.20-20.29.54:905][  0]LogPakFile: PakFile FullDirectoryIndexSize=140
[2022.10.20-20.29.54:905][  0]LogShaderLibrary: Display: ShaderCodeLibraryPakFileMountedCallback: PakFile 'C:/Program Files/Epic Games/UE_4.27/FeaturePacks/TP_Vehicle.upack' (chunk index -1, root 'root:/') mounted
[2022.10.20-20.29.54:905][  0]LogShaderLibrary: Display: ShaderCodeLibraryPakFileMountedCallback: pending pak file info (ChunkID:-1 Root:root:/ File:C:/Program Files/Epic Games/UE_4.27/FeaturePacks/TP_Vehicle.upack)
[2022.10.20-20.29.54:905][  0]LogPakFile: OnPakFileMounted2Time == 0.000084
[2022.10.20-20.29.54:908][  0]LogPakFile: PakFile PrimaryIndexSize=186
[2022.10.20-20.29.54:908][  0]LogPakFile: PakFile PathHashIndexSize=101
[2022.10.20-20.29.54:908][  0]LogPakFile: PakFile FullDirectoryIndexSize=146
[2022.10.20-20.29.54:908][  0]LogShaderLibrary: Display: ShaderCodeLibraryPakFileMountedCallback: PakFile 'C:/Program Files/Epic Games/UE_4.27/FeaturePacks/TP_VehicleAdv.upack' (chunk index -1, root 'root:/') mounted
[2022.10.20-20.29.54:908][  0]LogShaderLibrary: Display: ShaderCodeLibraryPakFileMountedCallback: pending pak file info (ChunkID:-1 Root:root:/ File:C:/Program Files/Epic Games/UE_4.27/FeaturePacks/TP_VehicleAdv.upack)
[2022.10.20-20.29.54:908][  0]LogPakFile: OnPakFileMounted2Time == 0.000058
[2022.10.20-20.29.54:911][  0]LogPakFile: PakFile PrimaryIndexSize=188
[2022.10.20-20.29.54:911][  0]LogPakFile: PakFile PathHashIndexSize=101
[2022.10.20-20.29.54:911][  0]LogPakFile: PakFile FullDirectoryIndexSize=150
[2022.10.20-20.29.54:911][  0]LogShaderLibrary: Display: ShaderCodeLibraryPakFileMountedCallback: PakFile 'C:/Program Files/Epic Games/UE_4.27/FeaturePacks/TP_VehicleAdvBP.upack' (chunk index -1, root 'root:/') mounted
[2022.10.20-20.29.54:911][  0]LogShaderLibrary: Display: ShaderCodeLibraryPakFileMountedCallback: pending pak file info (ChunkID:-1 Root:root:/ File:C:/Program Files/Epic Games/UE_4.27/FeaturePacks/TP_VehicleAdvBP.upack)
[2022.10.20-20.29.54:911][  0]LogPakFile: OnPakFileMounted2Time == 0.000067
[2022.10.20-20.29.54:914][  0]LogPakFile: PakFile PrimaryIndexSize=185
[2022.10.20-20.29.54:914][  0]LogPakFile: PakFile PathHashIndexSize=101
[2022.10.20-20.29.54:914][  0]LogPakFile: PakFile FullDirectoryIndexSize=144
[2022.10.20-20.29.54:914][  0]LogShaderLibrary: Display: ShaderCodeLibraryPakFileMountedCallback: PakFile 'C:/Program Files/Epic Games/UE_4.27/FeaturePacks/TP_VehicleBP.upack' (chunk index -1, root 'root:/') mounted
[2022.10.20-20.29.54:914][  0]LogShaderLibrary: Display: ShaderCodeLibraryPakFileMountedCallback: pending pak file info (ChunkID:-1 Root:root:/ File:C:/Program Files/Epic Games/UE_4.27/FeaturePacks/TP_VehicleBP.upack)
[2022.10.20-20.29.54:914][  0]LogPakFile: OnPakFileMounted2Time == 0.000057
[2022.10.20-20.29.54:917][  0]LogPakFile: PakFile PrimaryIndexSize=192
[2022.10.20-20.29.54:917][  0]LogPakFile: PakFile PathHashIndexSize=101
[2022.10.20-20.29.54:917][  0]LogPakFile: PakFile FullDirectoryIndexSize=158
[2022.10.20-20.29.54:917][  0]LogShaderLibrary: Display: ShaderCodeLibraryPakFileMountedCallback: PakFile 'C:/Program Files/Epic Games/UE_4.27/FeaturePacks/TP_VirtualRealityBP.upack' (chunk index -1, root 'root:/') mounted
[2022.10.20-20.29.54:917][  0]LogShaderLibrary: Display: ShaderCodeLibraryPakFileMountedCallback: pending pak file info (ChunkID:-1 Root:root:/ File:C:/Program Files/Epic Games/UE_4.27/FeaturePacks/TP_VirtualRealityBP.upack)
[2022.10.20-20.29.54:917][  0]LogPakFile: OnPakFileMounted2Time == 0.000056
[2022.10.20-20.29.55:209][  0]LogNativeClassHierarchy: Verbose: Native class hierarchy updated for 'AddContentDialog' in 0.0004 seconds. Added 0 classes and 0 folders.
[2022.10.20-20.29.55:217][  0]LogNativeClassHierarchy: Verbose: Native class hierarchy updated for 'SceneOutliner' in 0.0004 seconds. Added 2 classes and 0 folders.
[2022.10.20-20.29.56:082][  0]LogSlate: Only BGRA pngs, bmps or icos are supported in by External Image Picker
[2022.10.20-20.29.56:285][  0]LogSlate: Took 0.001174 seconds to synchronously load lazily loaded font '../../../Engine/Content/Editor/Slate/Fonts/FontAwesome.ttf' (139K)
[2022.10.20-20.29.56:289][  0]LogSlate: Took 0.000962 seconds to synchronously load lazily loaded font '../../../Engine/Content/Slate/Fonts/Roboto-Bold.ttf' (160K)
[2022.10.20-20.29.56:469][  0]LogRenderer: Reallocating scene render targets to support 720x336 Format 10 NumSamples 1 (Frame:1).
[2022.10.20-20.29.56:765][  0]LogNativeClassHierarchy: Verbose: Native class hierarchy updated for 'HierarchicalLODOutliner' in 0.0005 seconds. Added 0 classes and 0 folders.
[2022.10.20-20.29.56:766][  0]LogLoad: (Engine Initialization) Total time: 23.39 seconds
[2022.10.20-20.29.56:766][  0]LogLoad: (Engine Initialization) Total Blueprint compile time: 0.00 seconds
[2022.10.20-20.29.56:892][  0]LogContentStreaming: Texture pool size now 1000 MB
[2022.10.20-20.29.57:024][  1]LogAssetRegistry: Asset discovery search completed in 16.3138 seconds
[2022.10.20-20.29.57:054][  1]LogCollectionManager: Fixed up redirectors for 0 collections in 0.000296 seconds (updated 0 objects)
[2022.10.20-20.29.57:130][  2]LogSlate: Took 0.001170 seconds to synchronously load lazily loaded font '../../../Engine/Content/Slate/Fonts/Roboto-Light.ttf' (167K)
[2022.10.20-20.30.11:774][743]LogSlate: Window 'Project Settings' being destroyed
[2022.10.20-20.30.28:856][565]LogUObjectHash: Compacting FUObjectHashTables data took   1.04ms
[2022.10.20-20.30.28:867][565]LogSlate: Took 0.000364 seconds to synchronously load lazily loaded font '../../../Engine/Content/Slate/Fonts/Roboto-Light.ttf' (167K)
[2022.10.20-20.30.28:905][565]LogAssetEditorSubsystem: Opening Asset editor for World /Game/Level1.Level1
[2022.10.20-20.30.28:905][565]Cmd: MAP LOAD FILE="../../../../../../Users/maxgr/OneDrive/Documents/Unreal Projects/ScriptingMidterm22/Content/Level1.umap" TEMPLATE=0 SHOWPROGRESS=1 FEATURELEVEL=3
[2022.10.20-20.30.28:906][565]LightingResults: New page: Lighting Build
[2022.10.20-20.30.28:906][565]LoadErrors: New page: Loading map: Level1.umap
[2022.10.20-20.30.28:915][565]LogWorld: UWorld::CleanupWorld for Minimal_Default, bSessionEnded=true, bCleanupResources=true
[2022.10.20-20.30.28:917][565]LogSlate: InvalidateAllWidgets triggered.  All widgets were invalidated
[2022.10.20-20.30.28:917][565]MapCheck: New page: Map Check
[2022.10.20-20.30.28:917][565]LightingResults: New page: Lighting Build
[2022.10.20-20.30.28:925][565]LogAudio: Display: Audio Device unregistered from world 'None'.
[2022.10.20-20.30.28:936][565]LogUObjectHash: Compacting FUObjectHashTables data took   1.26ms
[2022.10.20-20.30.28:937][565]LogAudio: Display: Audio Device (ID: 1) registered with world 'Level1'.
[2022.10.20-20.30.28:984][565]LogEditorServer: Finished looking for orphan Actors (0.000 secs)
[2022.10.20-20.30.28:984][565]LogAIModule: Creating AISystem for world Level1
[2022.10.20-20.30.28:994][565]LogUObjectHash: Compacting FUObjectHashTables data took   1.15ms
[2022.10.20-20.30.28:998][565]Cmd: MAP CHECKDEP NOCLEARLOG
[2022.10.20-20.30.28:998][565]MapCheck: Map check complete: 0 Error(s), 0 Warning(s), took 0.198ms to complete.
[2022.10.20-20.30.28:998][565]LogFileHelpers: Loading map 'Level1' took 0.093
[2022.10.20-20.30.46:531][561]LogActorFactory: Actor Factory created Plane
[2022.10.20-20.30.48:903][693]LogActorFactory: Actor Factory created Plane
[2022.10.20-20.31.00:882][350]LogEditorViewport: Clicking on Actor (LMB): BP_Sky_Sphere_C (BP_Sky_Sphere)
[2022.10.20-20.31.50:431][969]LogSlate: Took 0.000903 seconds to synchronously load lazily loaded font '../../../Engine/Content/Slate/Fonts/Roboto-Italic.ttf' (157K)
